2021-12-12T20:52:10.958+0600 [DEBUG] [org.gradle.launcher.daemon.bootstrap.DaemonMain] Assuming the daemon was started with following jvm opts: [--add-opens, java.base/java.util=ALL-UNNAMED, --add-opens, java.base/java.lang=ALL-UNNAMED, --add-opens, java.base/java.lang.invoke=ALL-UNNAMED, --add-opens, java.prefs/java.util.prefs=ALL-UNNAMED, -Xmx2048m, -Dfile.encoding=UTF-8, -Duser.country=US, -Duser.language=en, -Duser.variant]
2021-12-12T20:52:11.309+0600 [DEBUG] [org.gradle.internal.nativeintegration.services.NativeServices] Native-platform posix files integration is not available. Continuing with fallback.
2021-12-12T20:52:11.354+0600 [INFO] [org.gradle.launcher.daemon.server.Daemon] start() called on daemon - DefaultDaemonContext[uid=191debba-3ae7-4a8e-84ab-dd1e19a60a92,javaHome=C:\Program Files\Android\Android Studio1\jre,daemonRegistryDir=G:\Android Projects\FriendsApp\daemon,pid=13360,idleTimeout=10800000,priority=NORMAL,daemonOpts=--add-opens,java.base/java.util=ALL-UNNAMED,--add-opens,java.base/java.lang=ALL-UNNAMED,--add-opens,java.base/java.lang.invoke=ALL-UNNAMED,--add-opens,java.prefs/java.util.prefs=ALL-UNNAMED,-Xmx2048m,-Dfile.encoding=UTF-8,-Duser.country=US,-Duser.language=en,-Duser.variant]
2021-12-12T20:52:12.193+0600 [DEBUG] [org.gradle.internal.remote.internal.inet.InetAddresses] Adding IP addresses for network interface Software Loopback Interface 1
2021-12-12T20:52:12.196+0600 [DEBUG] [org.gradle.internal.remote.internal.inet.InetAddresses] Is this a loopback interface? true
2021-12-12T20:52:12.199+0600 [DEBUG] [org.gradle.internal.remote.internal.inet.InetAddresses] Adding loopback address /127.0.0.1
2021-12-12T20:52:12.201+0600 [DEBUG] [org.gradle.internal.remote.internal.inet.InetAddresses] Adding loopback address /0:0:0:0:0:0:0:1
2021-12-12T20:52:12.205+0600 [DEBUG] [org.gradle.internal.remote.internal.inet.InetAddresses] Adding IP addresses for network interface Microsoft 6to4 Adapter
2021-12-12T20:52:12.209+0600 [DEBUG] [org.gradle.internal.remote.internal.inet.InetAddresses] Is this a loopback interface? false
2021-12-12T20:52:12.209+0600 [DEBUG] [org.gradle.internal.remote.internal.inet.InetAddresses] Adding IP addresses for network interface Bluetooth Device (Personal Area Network)
2021-12-12T20:52:12.213+0600 [DEBUG] [org.gradle.internal.remote.internal.inet.InetAddresses] Is this a loopback interface? false
2021-12-12T20:52:12.213+0600 [DEBUG] [org.gradle.internal.remote.internal.inet.InetAddresses] Adding remote address /fe80:0:0:0:21c3:a877:505e:e24%eth0
2021-12-12T20:52:12.214+0600 [DEBUG] [org.gradle.internal.remote.internal.inet.InetAddresses] Adding IP addresses for network interface WAN Miniport (PPPOE)
2021-12-12T20:52:12.217+0600 [DEBUG] [org.gradle.internal.remote.internal.inet.InetAddresses] Is this a loopback interface? false
2021-12-12T20:52:12.218+0600 [DEBUG] [org.gradle.internal.remote.internal.inet.InetAddresses] Adding IP addresses for network interface WAN Miniport (IKEv2)
2021-12-12T20:52:12.221+0600 [DEBUG] [org.gradle.internal.remote.internal.inet.InetAddresses] Is this a loopback interface? false
2021-12-12T20:52:12.222+0600 [DEBUG] [org.gradle.internal.remote.internal.inet.InetAddresses] Adding IP addresses for network interface Microsoft Wi-Fi Direct Virtual Adapter #2
2021-12-12T20:52:12.226+0600 [DEBUG] [org.gradle.internal.remote.internal.inet.InetAddresses] Is this a loopback interface? false
2021-12-12T20:52:12.226+0600 [DEBUG] [org.gradle.internal.remote.internal.inet.InetAddresses] Adding remote address /fe80:0:0:0:fd8f:260:670c:4279%wlan0
2021-12-12T20:52:12.227+0600 [DEBUG] [org.gradle.internal.remote.internal.inet.InetAddresses] Adding IP addresses for network interface Microsoft Kernel Debug Network Adapter
2021-12-12T20:52:12.230+0600 [DEBUG] [org.gradle.internal.remote.internal.inet.InetAddresses] Is this a loopback interface? false
2021-12-12T20:52:12.231+0600 [DEBUG] [org.gradle.internal.remote.internal.inet.InetAddresses] Adding IP addresses for network interface Microsoft IP-HTTPS Platform Adapter
2021-12-12T20:52:12.234+0600 [DEBUG] [org.gradle.internal.remote.internal.inet.InetAddresses] Is this a loopback interface? false
2021-12-12T20:52:12.235+0600 [DEBUG] [org.gradle.internal.remote.internal.inet.InetAddresses] Adding IP addresses for network interface WAN Miniport (SSTP)
2021-12-12T20:52:12.238+0600 [DEBUG] [org.gradle.internal.remote.internal.inet.InetAddresses] Is this a loopback interface? false
2021-12-12T20:52:12.239+0600 [DEBUG] [org.gradle.internal.remote.internal.inet.InetAddresses] Adding IP addresses for network interface WAN Miniport (Network Monitor)
2021-12-12T20:52:12.242+0600 [DEBUG] [org.gradle.internal.remote.internal.inet.InetAddresses] Is this a loopback interface? false
2021-12-12T20:52:12.243+0600 [DEBUG] [org.gradle.internal.remote.internal.inet.InetAddresses] Adding IP addresses for network interface WAN Miniport (L2TP)
2021-12-12T20:52:12.246+0600 [DEBUG] [org.gradle.internal.remote.internal.inet.InetAddresses] Is this a loopback interface? false
2021-12-12T20:52:12.246+0600 [DEBUG] [org.gradle.internal.remote.internal.inet.InetAddresses] Adding IP addresses for network interface Broadcom BCM43142 802.11 bgn Wi-Fi M.2 Adapter
2021-12-12T20:52:12.249+0600 [DEBUG] [org.gradle.internal.remote.internal.inet.InetAddresses] Is this a loopback interface? false
2021-12-12T20:52:12.250+0600 [DEBUG] [org.gradle.internal.remote.internal.inet.InetAddresses] Adding remote address /192.168.1.104
2021-12-12T20:52:12.250+0600 [DEBUG] [org.gradle.internal.remote.internal.inet.InetAddresses] Adding remote address /fe80:0:0:0:cc64:1193:8b9a:5832%wlan1
2021-12-12T20:52:12.250+0600 [DEBUG] [org.gradle.internal.remote.internal.inet.InetAddresses] Adding IP addresses for network interface WAN Miniport (IPv6)
2021-12-12T20:52:12.254+0600 [DEBUG] [org.gradle.internal.remote.internal.inet.InetAddresses] Is this a loopback interface? false
2021-12-12T20:52:12.255+0600 [DEBUG] [org.gradle.internal.remote.internal.inet.InetAddresses] Adding IP addresses for network interface Microsoft Teredo Tunneling Adapter
2021-12-12T20:52:12.259+0600 [DEBUG] [org.gradle.internal.remote.internal.inet.InetAddresses] Is this a loopback interface? false
2021-12-12T20:52:12.260+0600 [DEBUG] [org.gradle.internal.remote.internal.inet.InetAddresses] Adding IP addresses for network interface WAN Miniport (PPTP)
2021-12-12T20:52:12.263+0600 [DEBUG] [org.gradle.internal.remote.internal.inet.InetAddresses] Is this a loopback interface? false
2021-12-12T20:52:12.264+0600 [DEBUG] [org.gradle.internal.remote.internal.inet.InetAddresses] Adding IP addresses for network interface Microsoft Wi-Fi Direct Virtual Adapter
2021-12-12T20:52:12.267+0600 [DEBUG] [org.gradle.internal.remote.internal.inet.InetAddresses] Is this a loopback interface? false
2021-12-12T20:52:12.268+0600 [DEBUG] [org.gradle.internal.remote.internal.inet.InetAddresses] Adding remote address /fe80:0:0:0:8d36:ea74:a9f5:c165%wlan2
2021-12-12T20:52:12.268+0600 [DEBUG] [org.gradle.internal.remote.internal.inet.InetAddresses] Adding IP addresses for network interface Realtek PCIe GbE Family Controller
2021-12-12T20:52:12.272+0600 [DEBUG] [org.gradle.internal.remote.internal.inet.InetAddresses] Is this a loopback interface? false
2021-12-12T20:52:12.272+0600 [DEBUG] [org.gradle.internal.remote.internal.inet.InetAddresses] Adding remote address /fe80:0:0:0:114:e7ef:ca69:3ec%eth4
2021-12-12T20:52:12.273+0600 [DEBUG] [org.gradle.internal.remote.internal.inet.InetAddresses] Adding IP addresses for network interface WAN Miniport (IP)
2021-12-12T20:52:12.276+0600 [DEBUG] [org.gradle.internal.remote.internal.inet.InetAddresses] Is this a loopback interface? false
2021-12-12T20:52:12.276+0600 [DEBUG] [org.gradle.internal.remote.internal.inet.InetAddresses] Adding IP addresses for network interface Realtek PCIe GbE Family Controller-WFP Native MAC Layer LightWeight Filter-0000
2021-12-12T20:52:12.280+0600 [DEBUG] [org.gradle.internal.remote.internal.inet.InetAddresses] Is this a loopback interface? false
2021-12-12T20:52:12.281+0600 [DEBUG] [org.gradle.internal.remote.internal.inet.InetAddresses] Adding IP addresses for network interface Realtek PCIe GbE Family Controller-QoS Packet Scheduler-0000
2021-12-12T20:52:12.284+0600 [DEBUG] [org.gradle.internal.remote.internal.inet.InetAddresses] Is this a loopback interface? false
2021-12-12T20:52:12.284+0600 [DEBUG] [org.gradle.internal.remote.internal.inet.InetAddresses] Adding IP addresses for network interface Realtek PCIe GbE Family Controller-WFP 802.3 MAC Layer LightWeight Filter-0000
2021-12-12T20:52:12.288+0600 [DEBUG] [org.gradle.internal.remote.internal.inet.InetAddresses] Is this a loopback interface? false
2021-12-12T20:52:12.289+0600 [DEBUG] [org.gradle.internal.remote.internal.inet.InetAddresses] Adding IP addresses for network interface Broadcom BCM43142 802.11 bgn Wi-Fi M.2 Adapter-WFP Native MAC Layer LightWeight Filter-0000
2021-12-12T20:52:12.294+0600 [DEBUG] [org.gradle.internal.remote.internal.inet.InetAddresses] Is this a loopback interface? false
2021-12-12T20:52:12.295+0600 [DEBUG] [org.gradle.internal.remote.internal.inet.InetAddresses] Adding IP addresses for network interface Broadcom BCM43142 802.11 bgn Wi-Fi M.2 Adapter-Virtual WiFi Filter Driver-0000
2021-12-12T20:52:12.299+0600 [DEBUG] [org.gradle.internal.remote.internal.inet.InetAddresses] Is this a loopback interface? false
2021-12-12T20:52:12.299+0600 [DEBUG] [org.gradle.internal.remote.internal.inet.InetAddresses] Adding IP addresses for network interface Broadcom BCM43142 802.11 bgn Wi-Fi M.2 Adapter-Native WiFi Filter Driver-0000
2021-12-12T20:52:12.303+0600 [DEBUG] [org.gradle.internal.remote.internal.inet.InetAddresses] Is this a loopback interface? false
2021-12-12T20:52:12.303+0600 [DEBUG] [org.gradle.internal.remote.internal.inet.InetAddresses] Adding IP addresses for network interface Broadcom BCM43142 802.11 bgn Wi-Fi M.2 Adapter-QoS Packet Scheduler-0000
2021-12-12T20:52:12.307+0600 [DEBUG] [org.gradle.internal.remote.internal.inet.InetAddresses] Is this a loopback interface? false
2021-12-12T20:52:12.307+0600 [DEBUG] [org.gradle.internal.remote.internal.inet.InetAddresses] Adding IP addresses for network interface Broadcom BCM43142 802.11 bgn Wi-Fi M.2 Adapter-WFP 802.3 MAC Layer LightWeight Filter-0000
2021-12-12T20:52:12.311+0600 [DEBUG] [org.gradle.internal.remote.internal.inet.InetAddresses] Is this a loopback interface? false
2021-12-12T20:52:12.311+0600 [DEBUG] [org.gradle.internal.remote.internal.inet.InetAddresses] Adding IP addresses for network interface Microsoft Wi-Fi Direct Virtual Adapter-WFP Native MAC Layer LightWeight Filter-0000
2021-12-12T20:52:12.315+0600 [DEBUG] [org.gradle.internal.remote.internal.inet.InetAddresses] Is this a loopback interface? false
2021-12-12T20:52:12.315+0600 [DEBUG] [org.gradle.internal.remote.internal.inet.InetAddresses] Adding IP addresses for network interface Microsoft Wi-Fi Direct Virtual Adapter-Native WiFi Filter Driver-0000
2021-12-12T20:52:12.319+0600 [DEBUG] [org.gradle.internal.remote.internal.inet.InetAddresses] Is this a loopback interface? false
2021-12-12T20:52:12.319+0600 [DEBUG] [org.gradle.internal.remote.internal.inet.InetAddresses] Adding IP addresses for network interface Microsoft Wi-Fi Direct Virtual Adapter-QoS Packet Scheduler-0000
2021-12-12T20:52:12.323+0600 [DEBUG] [org.gradle.internal.remote.internal.inet.InetAddresses] Is this a loopback interface? false
2021-12-12T20:52:12.324+0600 [DEBUG] [org.gradle.internal.remote.internal.inet.InetAddresses] Adding IP addresses for network interface Microsoft Wi-Fi Direct Virtual Adapter-WFP 802.3 MAC Layer LightWeight Filter-0000
2021-12-12T20:52:12.327+0600 [DEBUG] [org.gradle.internal.remote.internal.inet.InetAddresses] Is this a loopback interface? false
2021-12-12T20:52:12.328+0600 [DEBUG] [org.gradle.internal.remote.internal.inet.InetAddresses] Adding IP addresses for network interface WAN Miniport (IP)-WFP Native MAC Layer LightWeight Filter-0000
2021-12-12T20:52:12.331+0600 [DEBUG] [org.gradle.internal.remote.internal.inet.InetAddresses] Is this a loopback interface? false
2021-12-12T20:52:12.332+0600 [DEBUG] [org.gradle.internal.remote.internal.inet.InetAddresses] Adding IP addresses for network interface WAN Miniport (IP)-QoS Packet Scheduler-0000
2021-12-12T20:52:12.335+0600 [DEBUG] [org.gradle.internal.remote.internal.inet.InetAddresses] Is this a loopback interface? false
2021-12-12T20:52:12.335+0600 [DEBUG] [org.gradle.internal.remote.internal.inet.InetAddresses] Adding IP addresses for network interface WAN Miniport (IPv6)-WFP Native MAC Layer LightWeight Filter-0000
2021-12-12T20:52:12.339+0600 [DEBUG] [org.gradle.internal.remote.internal.inet.InetAddresses] Is this a loopback interface? false
2021-12-12T20:52:12.339+0600 [DEBUG] [org.gradle.internal.remote.internal.inet.InetAddresses] Adding IP addresses for network interface WAN Miniport (IPv6)-QoS Packet Scheduler-0000
2021-12-12T20:52:12.343+0600 [DEBUG] [org.gradle.internal.remote.internal.inet.InetAddresses] Is this a loopback interface? false
2021-12-12T20:52:12.343+0600 [DEBUG] [org.gradle.internal.remote.internal.inet.InetAddresses] Adding IP addresses for network interface WAN Miniport (Network Monitor)-WFP Native MAC Layer LightWeight Filter-0000
2021-12-12T20:52:12.347+0600 [DEBUG] [org.gradle.internal.remote.internal.inet.InetAddresses] Is this a loopback interface? false
2021-12-12T20:52:12.347+0600 [DEBUG] [org.gradle.internal.remote.internal.inet.InetAddresses] Adding IP addresses for network interface WAN Miniport (Network Monitor)-QoS Packet Scheduler-0000
2021-12-12T20:52:12.351+0600 [DEBUG] [org.gradle.internal.remote.internal.inet.InetAddresses] Is this a loopback interface? false
2021-12-12T20:52:12.351+0600 [DEBUG] [org.gradle.internal.remote.internal.inet.InetAddresses] Adding IP addresses for network interface Microsoft Wi-Fi Direct Virtual Adapter #2-WFP Native MAC Layer LightWeight Filter-0000
2021-12-12T20:52:12.355+0600 [DEBUG] [org.gradle.internal.remote.internal.inet.InetAddresses] Is this a loopback interface? false
2021-12-12T20:52:12.355+0600 [DEBUG] [org.gradle.internal.remote.internal.inet.InetAddresses] Adding IP addresses for network interface Microsoft Wi-Fi Direct Virtual Adapter #2-Native WiFi Filter Driver-0000
2021-12-12T20:52:12.358+0600 [DEBUG] [org.gradle.internal.remote.internal.inet.InetAddresses] Is this a loopback interface? false
2021-12-12T20:52:12.359+0600 [DEBUG] [org.gradle.internal.remote.internal.inet.InetAddresses] Adding IP addresses for network interface Microsoft Wi-Fi Direct Virtual Adapter #2-QoS Packet Scheduler-0000
2021-12-12T20:52:12.362+0600 [DEBUG] [org.gradle.internal.remote.internal.inet.InetAddresses] Is this a loopback interface? false
2021-12-12T20:52:12.363+0600 [DEBUG] [org.gradle.internal.remote.internal.inet.InetAddresses] Adding IP addresses for network interface Microsoft Wi-Fi Direct Virtual Adapter #2-WFP 802.3 MAC Layer LightWeight Filter-0000
2021-12-12T20:52:12.366+0600 [DEBUG] [org.gradle.internal.remote.internal.inet.InetAddresses] Is this a loopback interface? false
2021-12-12T20:52:12.370+0600 [DEBUG] [org.gradle.internal.remote.internal.inet.TcpIncomingConnector] Listening on [3efdee78-4a56-4be3-ad4f-21e50b8e7fa7 port:54061, addresses:[localhost/127.0.0.1]].
2021-12-12T20:52:12.387+0600 [DEBUG] [org.gradle.launcher.daemon.server.Daemon] Daemon starting at: Sun Dec 12 20:52:12 BDT 2021, with address: [3efdee78-4a56-4be3-ad4f-21e50b8e7fa7 port:54061, addresses:[localhost/127.0.0.1]]
2021-12-12T20:52:12.387+0600 [INFO] [org.gradle.launcher.daemon.server.DaemonRegistryUpdater] Advertising the daemon address to the clients: [3efdee78-4a56-4be3-ad4f-21e50b8e7fa7 port:54061, addresses:[localhost/127.0.0.1]]
2021-12-12T20:52:12.388+0600 [DEBUG] [org.gradle.launcher.daemon.server.DaemonRegistryUpdater] Advertised daemon context: DefaultDaemonContext[uid=191debba-3ae7-4a8e-84ab-dd1e19a60a92,javaHome=C:\Program Files\Android\Android Studio1\jre,daemonRegistryDir=G:\Android Projects\FriendsApp\daemon,pid=13360,idleTimeout=10800000,priority=NORMAL,daemonOpts=--add-opens,java.base/java.util=ALL-UNNAMED,--add-opens,java.base/java.lang=ALL-UNNAMED,--add-opens,java.base/java.lang.invoke=ALL-UNNAMED,--add-opens,java.prefs/java.util.prefs=ALL-UNNAMED,-Xmx2048m,-Dfile.encoding=UTF-8,-Duser.country=US,-Duser.language=en,-Duser.variant]
2021-12-12T20:52:12.394+0600 [DEBUG] [org.gradle.launcher.daemon.registry.PersistentDaemonRegistry] Storing daemon address: [3efdee78-4a56-4be3-ad4f-21e50b8e7fa7 port:54061, addresses:[localhost/127.0.0.1]], context: DefaultDaemonContext[uid=191debba-3ae7-4a8e-84ab-dd1e19a60a92,javaHome=C:\Program Files\Android\Android Studio1\jre,daemonRegistryDir=G:\Android Projects\FriendsApp\daemon,pid=13360,idleTimeout=10800000,priority=NORMAL,daemonOpts=--add-opens,java.base/java.util=ALL-UNNAMED,--add-opens,java.base/java.lang=ALL-UNNAMED,--add-opens,java.base/java.lang.invoke=ALL-UNNAMED,--add-opens,java.prefs/java.util.prefs=ALL-UNNAMED,-Xmx2048m,-Dfile.encoding=UTF-8,-Duser.country=US,-Duser.language=en,-Duser.variant]
2021-12-12T20:52:12.411+0600 [DEBUG] [org.gradle.cache.internal.DefaultFileLockManager] Waiting to acquire exclusive lock on daemon addresses registry.
2021-12-12T20:52:12.416+0600 [DEBUG] [org.gradle.cache.internal.DefaultFileLockManager] Lock acquired on daemon addresses registry.
2021-12-12T20:52:12.430+0600 [DEBUG] [org.gradle.cache.internal.DefaultFileLockManager] Releasing lock on daemon addresses registry.
2021-12-12T20:52:12.431+0600 [LIFECYCLE] [org.gradle.launcher.daemon.server.Daemon] Daemon server started.
2021-12-12T20:52:12.433+0600 [DEBUG] [org.gradle.launcher.daemon.bootstrap.DaemonStartupCommunication] Completed writing the daemon greeting. Closing streams...
2021-12-12T20:52:12.465+0600 [DEBUG] [org.gradle.internal.remote.internal.inet.TcpIncomingConnector] Accepted connection from /127.0.0.1:54062 to /127.0.0.1:54061.
2021-12-12T20:52:12.499+0600 [DEBUG] [org.gradle.launcher.daemon.server.Daemon] stopOnExpiration() called on daemon
2021-12-12T20:52:12.501+0600 [DEBUG] [org.gradle.launcher.daemon.server.Daemon] awaitExpiration() called on daemon
2021-12-12T20:52:12.502+0600 [DEBUG] [org.gradle.launcher.daemon.server.DaemonStateCoordinator] daemon is running. Sleeping until state changes.
2021-12-12T20:52:12.644+0600 [DEBUG] [org.gradle.launcher.daemon.server.SynchronizedDispatchConnection] thread 19: received class org.gradle.launcher.daemon.protocol.Build
2021-12-12T20:52:12.644+0600 [DEBUG] [org.gradle.launcher.daemon.server.DefaultDaemonConnection] thread 19: Received non-IO message from client: Build{id=0e8a84d0-fb01-4f78-8ea3-456595c8fcdc, currentDir=G:\Android Projects\FriendsApp}
2021-12-12T20:52:12.645+0600 [INFO] [org.gradle.launcher.daemon.server.DefaultIncomingConnectionHandler] Received command: Build{id=0e8a84d0-fb01-4f78-8ea3-456595c8fcdc, currentDir=G:\Android Projects\FriendsApp}.
2021-12-12T20:52:12.645+0600 [DEBUG] [org.gradle.launcher.daemon.server.DefaultIncomingConnectionHandler] Starting executing command: Build{id=0e8a84d0-fb01-4f78-8ea3-456595c8fcdc, currentDir=G:\Android Projects\FriendsApp} with connection: socket connection from /127.0.0.1:54061 to /127.0.0.1:54062.
2021-12-12T20:52:12.649+0600 [ERROR] [org.gradle.launcher.daemon.server.DaemonStateCoordinator] Command execution: started DaemonCommandExecution[command = Build{id=0e8a84d0-fb01-4f78-8ea3-456595c8fcdc, currentDir=G:\Android Projects\FriendsApp}, connection = DefaultDaemonConnection: socket connection from /127.0.0.1:54061 to /127.0.0.1:54062] after 0.0 minutes of idle
2021-12-12T20:52:12.649+0600 [INFO] [org.gradle.launcher.daemon.server.DaemonRegistryUpdater] Marking the daemon as busy, address: [3efdee78-4a56-4be3-ad4f-21e50b8e7fa7 port:54061, addresses:[localhost/127.0.0.1]]
2021-12-12T20:52:12.649+0600 [DEBUG] [org.gradle.launcher.daemon.registry.PersistentDaemonRegistry] Marking busy by address: [3efdee78-4a56-4be3-ad4f-21e50b8e7fa7 port:54061, addresses:[localhost/127.0.0.1]]
2021-12-12T20:52:12.651+0600 [DEBUG] [org.gradle.cache.internal.DefaultFileLockManager] Waiting to acquire exclusive lock on daemon addresses registry.
2021-12-12T20:52:12.651+0600 [DEBUG] [org.gradle.cache.internal.DefaultFileLockManager] Lock acquired on daemon addresses registry.
2021-12-12T20:52:12.653+0600 [DEBUG] [org.gradle.cache.internal.DefaultFileLockManager] Releasing lock on daemon addresses registry.
2021-12-12T20:52:12.654+0600 [DEBUG] [org.gradle.launcher.daemon.server.DaemonStateCoordinator] resetting idle timer
2021-12-12T20:52:12.654+0600 [DEBUG] [org.gradle.launcher.daemon.server.DaemonStateCoordinator] daemon is running. Sleeping until state changes.
2021-12-12T20:52:12.655+0600 [INFO] [org.gradle.launcher.daemon.server.exec.StartBuildOrRespondWithBusy] Daemon is about to start building Build{id=0e8a84d0-fb01-4f78-8ea3-456595c8fcdc, currentDir=G:\Android Projects\FriendsApp}. Dispatching build started information...
2021-12-12T20:52:12.656+0600 [DEBUG] [org.gradle.launcher.daemon.server.SynchronizedDispatchConnection] thread 21: dispatching org.gradle.launcher.daemon.protocol.BuildStarted@6357fc8d
2021-12-12T20:52:12.660+0600 [DEBUG] [org.gradle.launcher.daemon.server.exec.EstablishBuildEnvironment] Configuring env variables: [USERDOMAIN_ROAMINGPROFILE, LOCALAPPDATA, PROCESSOR_LEVEL, USERDOMAIN, FPS_BROWSER_APP_PROFILE_STRING, LOGONSERVER, SESSIONNAME, ALLUSERSPROFILE, PROCESSOR_ARCHITECTURE, PSModulePath, =G:, SystemDrive, OneDrive, APPDATA, USERNAME, ProgramFiles(x86), CommonProgramFiles, Path, FPS_BROWSER_USER_PROFILE_STRING, PATHEXT, DriverData, OS, COMPUTERNAME, PROCESSOR_REVISION, CommonProgramW6432, ComSpec, ProgramData, ProgramW6432, HOMEPATH, TEMP, SystemRoot, PROCESSOR_IDENTIFIER, USERPROFILE, HOMEDRIVE, TMP, ProgramFiles, CommonProgramFiles(x86), PUBLIC, NUMBER_OF_PROCESSORS, windir, =::, IDEA_INITIAL_DIRECTORY]
2021-12-12T20:52:12.669+0600 [DEBUG] [org.gradle.launcher.daemon.server.exec.LogToClient] About to start relaying all logs to the client via the connection.
2021-12-12T20:52:12.670+0600 [INFO] [org.gradle.launcher.daemon.server.exec.LogToClient] The client will now receive all logging from the daemon (pid: 13360). The daemon log file: G:\Android Projects\FriendsApp\daemon\6.7.1\daemon-13360.out.log
2021-12-12T20:52:12.674+0600 [INFO] [org.gradle.launcher.daemon.server.exec.LogAndCheckHealth] Starting build in new daemon [memory: 2.1 GB]
2021-12-12T20:52:12.683+0600 [DEBUG] [org.gradle.launcher.daemon.server.exec.ExecuteBuild] The daemon has started executing the build.
2021-12-12T20:52:12.684+0600 [DEBUG] [org.gradle.launcher.daemon.server.exec.ExecuteBuild] Executing build with daemon context: DefaultDaemonContext[uid=191debba-3ae7-4a8e-84ab-dd1e19a60a92,javaHome=C:\Program Files\Android\Android Studio1\jre,daemonRegistryDir=G:\Android Projects\FriendsApp\daemon,pid=13360,idleTimeout=10800000,priority=NORMAL,daemonOpts=--add-opens,java.base/java.util=ALL-UNNAMED,--add-opens,java.base/java.lang=ALL-UNNAMED,--add-opens,java.base/java.lang.invoke=ALL-UNNAMED,--add-opens,java.prefs/java.util.prefs=ALL-UNNAMED,-Xmx2048m,-Dfile.encoding=UTF-8,-Duser.country=US,-Duser.language=en,-Duser.variant]

BUILD SUCCESSFUL in 40s
2021-12-12T20:52:41.224+0600 [DEBUG] [org.gradle.launcher.daemon.server.exec.ExecuteBuild] The daemon has finished executing the build.
2021-12-12T20:52:41.228+0600 [DEBUG] [org.gradle.launcher.daemon.server.DaemonStateCoordinator] daemon is running. Sleeping until state changes.
2021-12-12T20:52:41.228+0600 [DEBUG] [org.gradle.launcher.daemon.server.DaemonStateCoordinator] Command execution: finished waiting for DaemonCommandExecution[command = Build{id=0e8a84d0-fb01-4f78-8ea3-456595c8fcdc, currentDir=G:\Android Projects\FriendsApp}, connection = DefaultDaemonConnection: socket connection from /127.0.0.1:54061 to /127.0.0.1:54062]. Result org.gradle.launcher.daemon.server.DaemonStateCoordinator@16545625 with state Busy
2021-12-12T20:52:41.229+0600 [DEBUG] [org.gradle.launcher.daemon.server.DaemonStateCoordinator] Command execution: completed DaemonCommandExecution[command = Build{id=0e8a84d0-fb01-4f78-8ea3-456595c8fcdc, currentDir=G:\Android Projects\FriendsApp}, connection = DefaultDaemonConnection: socket connection from /127.0.0.1:54061 to /127.0.0.1:54062]
2021-12-12T20:52:41.229+0600 [DEBUG] [org.gradle.launcher.daemon.server.DaemonStateCoordinator] resetting idle timer
2021-12-12T20:52:41.229+0600 [INFO] [org.gradle.launcher.daemon.server.DaemonRegistryUpdater] Marking the daemon as idle, address: [3efdee78-4a56-4be3-ad4f-21e50b8e7fa7 port:54061, addresses:[localhost/127.0.0.1]]
2021-12-12T20:52:41.229+0600 [DEBUG] [org.gradle.launcher.daemon.registry.PersistentDaemonRegistry] Marking busy by address: [3efdee78-4a56-4be3-ad4f-21e50b8e7fa7 port:54061, addresses:[localhost/127.0.0.1]]
2021-12-12T20:52:41.230+0600 [DEBUG] [org.gradle.cache.internal.DefaultFileLockManager] Waiting to acquire exclusive lock on daemon addresses registry.
2021-12-12T20:52:41.233+0600 [DEBUG] [org.gradle.cache.internal.DefaultFileLockManager] Lock acquired on daemon addresses registry.
2021-12-12T20:52:41.257+0600 [DEBUG] [org.gradle.cache.internal.DefaultFileLockManager] Releasing lock on daemon addresses registry.
2021-12-12T20:52:41.258+0600 [DEBUG] [org.gradle.launcher.daemon.server.DaemonStateCoordinator] daemon is running. Sleeping until state changes.
2021-12-12T20:52:41.259+0600 [DEBUG] [org.gradle.launcher.daemon.server.exec.ReturnResult] Daemon is dispatching the build result: Success[value=org.gradle.launcher.exec.BuildActionResult@57b843f9]
2021-12-12T20:52:41.259+0600 [DEBUG] [org.gradle.launcher.daemon.server.SynchronizedDispatchConnection] thread 18: dispatching Success[value=org.gradle.launcher.exec.BuildActionResult@57b843f9]
2021-12-12T20:52:41.260+0600 [DEBUG] [org.gradle.launcher.daemon.server.DefaultIncomingConnectionHandler] Finishing executing command: Build{id=0e8a84d0-fb01-4f78-8ea3-456595c8fcdc, currentDir=G:\Android Projects\FriendsApp}
2021-12-12T20:52:41.600+0600 [DEBUG] [org.gradle.launcher.daemon.server.SynchronizedDispatchConnection] thread 19: received class org.gradle.launcher.daemon.protocol.Finished
2021-12-12T20:52:41.600+0600 [DEBUG] [org.gradle.launcher.daemon.server.DefaultDaemonConnection] thread 19: Received non-IO message from client: org.gradle.launcher.daemon.protocol.Finished@738dadce
2021-12-12T20:52:41.600+0600 [DEBUG] [org.gradle.launcher.daemon.server.DefaultIncomingConnectionHandler] Received finished message: org.gradle.launcher.daemon.protocol.Finished@738dadce
2021-12-12T20:52:41.601+0600 [DEBUG] [org.gradle.launcher.daemon.server.SynchronizedDispatchConnection] thread 18: stopping connection
2021-12-12T20:52:41.602+0600 [DEBUG] [org.gradle.internal.remote.internal.inet.SocketConnection] Discarding EOFException: java.io.EOFException
2021-12-12T20:52:41.602+0600 [DEBUG] [org.gradle.launcher.daemon.server.SynchronizedDispatchConnection] thread 19: received null
2021-12-12T20:52:41.603+0600 [DEBUG] [org.gradle.launcher.daemon.server.DefaultDaemonConnection] thread 19: Received end-of-input from client.
2021-12-12T20:52:41.605+0600 [DEBUG] [org.gradle.launcher.daemon.server.SynchronizedDispatchConnection] thread 18: stopping connection
2021-12-12T20:52:42.520+0600 [DEBUG] [org.gradle.cache.internal.DefaultFileLockManager] Waiting to acquire shared lock on daemon addresses registry.
2021-12-12T20:52:42.531+0600 [DEBUG] [org.gradle.cache.internal.DefaultFileLockManager] Lock acquired on daemon addresses registry.
2021-12-12T20:52:42.533+0600 [DEBUG] [org.gradle.cache.internal.DefaultFileLockManager] Releasing lock on daemon addresses registry.
2021-12-12T20:52:42.534+0600 [DEBUG] [org.gradle.cache.internal.DefaultFileLockManager] Waiting to acquire shared lock on daemon addresses registry.
2021-12-12T20:52:42.535+0600 [DEBUG] [org.gradle.cache.internal.DefaultFileLockManager] Lock acquired on daemon addresses registry.
2021-12-12T20:52:42.548+0600 [DEBUG] [org.gradle.cache.internal.DefaultFileLockManager] Releasing lock on daemon addresses registry.
2021-12-12T20:52:52.519+0600 [DEBUG] [org.gradle.cache.internal.DefaultFileLockManager] Waiting to acquire shared lock on daemon addresses registry.
2021-12-12T20:52:52.519+0600 [DEBUG] [org.gradle.cache.internal.DefaultFileLockManager] Lock acquired on daemon addresses registry.
2021-12-12T20:52:52.520+0600 [DEBUG] [org.gradle.cache.internal.DefaultFileLockManager] Releasing lock on daemon addresses registry.
2021-12-12T20:52:52.522+0600 [DEBUG] [org.gradle.cache.internal.DefaultFileLockManager] Waiting to acquire shared lock on daemon addresses registry.
2021-12-12T20:52:52.523+0600 [DEBUG] [org.gradle.cache.internal.DefaultFileLockManager] Lock acquired on daemon addresses registry.
2021-12-12T20:52:52.523+0600 [DEBUG] [org.gradle.cache.internal.DefaultFileLockManager] Releasing lock on daemon addresses registry.
2021-12-12T20:52:52.524+0600 [DEBUG] [org.gradle.cache.internal.DefaultFileLockManager] Waiting to acquire shared lock on daemon addresses registry.
2021-12-12T20:52:52.529+0600 [DEBUG] [org.gradle.cache.internal.DefaultFileLockManager] Lock acquired on daemon addresses registry.
2021-12-12T20:52:52.530+0600 [DEBUG] [org.gradle.cache.internal.DefaultFileLockManager] Releasing lock on daemon addresses registry.
2021-12-12T20:53:02.507+0600 [DEBUG] [org.gradle.cache.internal.DefaultFileLockManager] Waiting to acquire shared lock on daemon addresses registry.
2021-12-12T20:53:02.507+0600 [DEBUG] [org.gradle.cache.internal.DefaultFileLockManager] Lock acquired on daemon addresses registry.
2021-12-12T20:53:02.512+0600 [DEBUG] [org.gradle.cache.internal.DefaultFileLockManager] Releasing lock on daemon addresses registry.
2021-12-12T20:53:02.512+0600 [DEBUG] [org.gradle.cache.internal.DefaultFileLockManager] Waiting to acquire shared lock on daemon addresses registry.
2021-12-12T20:53:02.512+0600 [DEBUG] [org.gradle.cache.internal.DefaultFileLockManager] Lock acquired on daemon addresses registry.
2021-12-12T20:53:02.513+0600 [DEBUG] [org.gradle.cache.internal.DefaultFileLockManager] Releasing lock on daemon addresses registry.
2021-12-12T20:53:02.516+0600 [DEBUG] [org.gradle.cache.internal.DefaultFileLockManager] Waiting to acquire shared lock on daemon addresses registry.
2021-12-12T20:53:02.516+0600 [DEBUG] [org.gradle.cache.internal.DefaultFileLockManager] Lock acquired on daemon addresses registry.
2021-12-12T20:53:02.517+0600 [DEBUG] [org.gradle.cache.internal.DefaultFileLockManager] Releasing lock on daemon addresses registry.
2021-12-12T20:53:12.509+0600 [DEBUG] [org.gradle.cache.internal.DefaultFileLockManager] Waiting to acquire shared lock on daemon addresses registry.
2021-12-12T20:53:12.509+0600 [DEBUG] [org.gradle.cache.internal.DefaultFileLockManager] Lock acquired on daemon addresses registry.
2021-12-12T20:53:12.511+0600 [DEBUG] [org.gradle.cache.internal.DefaultFileLockManager] Releasing lock on daemon addresses registry.
2021-12-12T20:53:12.511+0600 [DEBUG] [org.gradle.cache.internal.DefaultFileLockManager] Waiting to acquire shared lock on daemon addresses registry.
2021-12-12T20:53:12.512+0600 [DEBUG] [org.gradle.cache.internal.DefaultFileLockManager] Lock acquired on daemon addresses registry.
2021-12-12T20:53:12.513+0600 [DEBUG] [org.gradle.cache.internal.DefaultFileLockManager] Releasing lock on daemon addresses registry.
2021-12-12T20:53:12.513+0600 [DEBUG] [org.gradle.cache.internal.DefaultFileLockManager] Waiting to acquire shared lock on daemon addresses registry.
2021-12-12T20:53:12.514+0600 [DEBUG] [org.gradle.cache.internal.DefaultFileLockManager] Lock acquired on daemon addresses registry.
2021-12-12T20:53:12.515+0600 [DEBUG] [org.gradle.cache.internal.DefaultFileLockManager] Releasing lock on daemon addresses registry.
2021-12-12T20:53:22.505+0600 [DEBUG] [org.gradle.cache.internal.DefaultFileLockManager] Waiting to acquire shared lock on daemon addresses registry.
2021-12-12T20:53:22.505+0600 [DEBUG] [org.gradle.cache.internal.DefaultFileLockManager] Lock acquired on daemon addresses registry.
2021-12-12T20:53:22.509+0600 [DEBUG] [org.gradle.cache.internal.DefaultFileLockManager] Releasing lock on daemon addresses registry.
2021-12-12T20:53:22.510+0600 [DEBUG] [org.gradle.cache.internal.DefaultFileLockManager] Waiting to acquire shared lock on daemon addresses registry.
2021-12-12T20:53:22.510+0600 [DEBUG] [org.gradle.cache.internal.DefaultFileLockManager] Lock acquired on daemon addresses registry.
2021-12-12T20:53:22.511+0600 [DEBUG] [org.gradle.cache.internal.DefaultFileLockManager] Releasing lock on daemon addresses registry.
2021-12-12T20:53:22.512+0600 [DEBUG] [org.gradle.cache.internal.DefaultFileLockManager] Waiting to acquire shared lock on daemon addresses registry.
2021-12-12T20:53:22.512+0600 [DEBUG] [org.gradle.cache.internal.DefaultFileLockManager] Lock acquired on daemon addresses registry.
2021-12-12T20:53:22.514+0600 [DEBUG] [org.gradle.cache.internal.DefaultFileLockManager] Releasing lock on daemon addresses registry.
2021-12-12T20:53:32.550+0600 [DEBUG] [org.gradle.cache.internal.DefaultFileLockManager] Waiting to acquire shared lock on daemon addresses registry.
2021-12-12T20:53:32.550+0600 [DEBUG] [org.gradle.cache.internal.DefaultFileLockManager] Lock acquired on daemon addresses registry.
2021-12-12T20:53:32.552+0600 [DEBUG] [org.gradle.cache.internal.DefaultFileLockManager] Releasing lock on daemon addresses registry.
2021-12-12T20:53:32.559+0600 [DEBUG] [org.gradle.cache.internal.DefaultFileLockManager] Waiting to acquire shared lock on daemon addresses registry.
2021-12-12T20:53:32.559+0600 [DEBUG] [org.gradle.cache.internal.DefaultFileLockManager] Lock acquired on daemon addresses registry.
2021-12-12T20:53:32.582+0600 [DEBUG] [org.gradle.cache.internal.DefaultFileLockManager] Releasing lock on daemon addresses registry.
2021-12-12T20:53:32.583+0600 [DEBUG] [org.gradle.cache.internal.DefaultFileLockManager] Waiting to acquire shared lock on daemon addresses registry.
2021-12-12T20:53:32.583+0600 [DEBUG] [org.gradle.cache.internal.DefaultFileLockManager] Lock acquired on daemon addresses registry.
2021-12-12T20:53:32.584+0600 [DEBUG] [org.gradle.cache.internal.DefaultFileLockManager] Releasing lock on daemon addresses registry.
2021-12-12T20:53:42.514+0600 [DEBUG] [org.gradle.cache.internal.DefaultFileLockManager] Waiting to acquire shared lock on daemon addresses registry.
2021-12-12T20:53:42.514+0600 [DEBUG] [org.gradle.cache.internal.DefaultFileLockManager] Lock acquired on daemon addresses registry.
2021-12-12T20:53:42.515+0600 [DEBUG] [org.gradle.cache.internal.DefaultFileLockManager] Releasing lock on daemon addresses registry.
2021-12-12T20:53:42.516+0600 [DEBUG] [org.gradle.cache.internal.DefaultFileLockManager] Waiting to acquire shared lock on daemon addresses registry.
2021-12-12T20:53:42.517+0600 [DEBUG] [org.gradle.cache.internal.DefaultFileLockManager] Lock acquired on daemon addresses registry.
2021-12-12T20:53:42.518+0600 [DEBUG] [org.gradle.cache.internal.DefaultFileLockManager] Releasing lock on daemon addresses registry.
2021-12-12T20:53:42.519+0600 [DEBUG] [org.gradle.cache.internal.DefaultFileLockManager] Waiting to acquire shared lock on daemon addresses registry.
2021-12-12T20:53:42.519+0600 [DEBUG] [org.gradle.cache.internal.DefaultFileLockManager] Lock acquired on daemon addresses registry.
2021-12-12T20:53:42.521+0600 [DEBUG] [org.gradle.cache.internal.DefaultFileLockManager] Releasing lock on daemon addresses registry.
2021-12-12T20:53:52.514+0600 [DEBUG] [org.gradle.cache.internal.DefaultFileLockManager] Waiting to acquire shared lock on daemon addresses registry.
2021-12-12T20:53:52.514+0600 [DEBUG] [org.gradle.cache.internal.DefaultFileLockManager] Lock acquired on daemon addresses registry.
2021-12-12T20:53:52.518+0600 [DEBUG] [org.gradle.cache.internal.DefaultFileLockManager] Releasing lock on daemon addresses registry.
2021-12-12T20:53:52.522+0600 [DEBUG] [org.gradle.cache.internal.DefaultFileLockManager] Waiting to acquire shared lock on daemon addresses registry.
2021-12-12T20:53:52.522+0600 [DEBUG] [org.gradle.cache.internal.DefaultFileLockManager] Lock acquired on daemon addresses registry.
2021-12-12T20:53:52.524+0600 [DEBUG] [org.gradle.cache.internal.DefaultFileLockManager] Releasing lock on daemon addresses registry.
2021-12-12T20:53:52.525+0600 [DEBUG] [org.gradle.cache.internal.DefaultFileLockManager] Waiting to acquire shared lock on daemon addresses registry.
2021-12-12T20:53:52.525+0600 [DEBUG] [org.gradle.cache.internal.DefaultFileLockManager] Lock acquired on daemon addresses registry.
2021-12-12T20:53:52.526+0600 [DEBUG] [org.gradle.cache.internal.DefaultFileLockManager] Releasing lock on daemon addresses registry.
2021-12-12T20:54:02.502+0600 [DEBUG] [org.gradle.cache.internal.DefaultFileLockManager] Waiting to acquire shared lock on daemon addresses registry.
2021-12-12T20:54:02.502+0600 [DEBUG] [org.gradle.cache.internal.DefaultFileLockManager] Lock acquired on daemon addresses registry.
2021-12-12T20:54:02.503+0600 [DEBUG] [org.gradle.cache.internal.DefaultFileLockManager] Releasing lock on daemon addresses registry.
2021-12-12T20:54:02.504+0600 [DEBUG] [org.gradle.cache.internal.DefaultFileLockManager] Waiting to acquire shared lock on daemon addresses registry.
2021-12-12T20:54:02.504+0600 [DEBUG] [org.gradle.cache.internal.DefaultFileLockManager] Lock acquired on daemon addresses registry.
2021-12-12T20:54:02.507+0600 [DEBUG] [org.gradle.cache.internal.DefaultFileLockManager] Releasing lock on daemon addresses registry.
2021-12-12T20:54:02.507+0600 [DEBUG] [org.gradle.cache.internal.DefaultFileLockManager] Waiting to acquire shared lock on daemon addresses registry.
2021-12-12T20:54:02.508+0600 [DEBUG] [org.gradle.cache.internal.DefaultFileLockManager] Lock acquired on daemon addresses registry.
2021-12-12T20:54:02.509+0600 [DEBUG] [org.gradle.cache.internal.DefaultFileLockManager] Releasing lock on daemon addresses registry.
2021-12-12T20:54:12.510+0600 [DEBUG] [org.gradle.cache.internal.DefaultFileLockManager] Waiting to acquire shared lock on daemon addresses registry.
2021-12-12T20:54:12.512+0600 [DEBUG] [org.gradle.cache.internal.DefaultFileLockManager] Lock acquired on daemon addresses registry.
2021-12-12T20:54:12.513+0600 [DEBUG] [org.gradle.cache.internal.DefaultFileLockManager] Releasing lock on daemon addresses registry.
2021-12-12T20:54:12.515+0600 [DEBUG] [org.gradle.cache.internal.DefaultFileLockManager] Waiting to acquire shared lock on daemon addresses registry.
2021-12-12T20:54:12.515+0600 [DEBUG] [org.gradle.cache.internal.DefaultFileLockManager] Lock acquired on daemon addresses registry.
2021-12-12T20:54:12.516+0600 [DEBUG] [org.gradle.cache.internal.DefaultFileLockManager] Releasing lock on daemon addresses registry.
2021-12-12T20:54:12.517+0600 [DEBUG] [org.gradle.cache.internal.DefaultFileLockManager] Waiting to acquire shared lock on daemon addresses registry.
2021-12-12T20:54:12.517+0600 [DEBUG] [org.gradle.cache.internal.DefaultFileLockManager] Lock acquired on daemon addresses registry.
2021-12-12T20:54:12.518+0600 [DEBUG] [org.gradle.cache.internal.DefaultFileLockManager] Releasing lock on daemon addresses registry.
2021-12-12T20:54:22.510+0600 [DEBUG] [org.gradle.cache.internal.DefaultFileLockManager] Waiting to acquire shared lock on daemon addresses registry.
2021-12-12T20:54:22.510+0600 [DEBUG] [org.gradle.cache.internal.DefaultFileLockManager] Lock acquired on daemon addresses registry.
2021-12-12T20:54:22.511+0600 [DEBUG] [org.gradle.cache.internal.DefaultFileLockManager] Releasing lock on daemon addresses registry.
2021-12-12T20:54:22.512+0600 [DEBUG] [org.gradle.cache.internal.DefaultFileLockManager] Waiting to acquire shared lock on daemon addresses registry.
2021-12-12T20:54:22.512+0600 [DEBUG] [org.gradle.cache.internal.DefaultFileLockManager] Lock acquired on daemon addresses registry.
2021-12-12T20:54:22.515+0600 [DEBUG] [org.gradle.cache.internal.DefaultFileLockManager] Releasing lock on daemon addresses registry.
2021-12-12T20:54:22.516+0600 [DEBUG] [org.gradle.cache.internal.DefaultFileLockManager] Waiting to acquire shared lock on daemon addresses registry.
2021-12-12T20:54:22.517+0600 [DEBUG] [org.gradle.cache.internal.DefaultFileLockManager] Lock acquired on daemon addresses registry.
2021-12-12T20:54:22.518+0600 [DEBUG] [org.gradle.cache.internal.DefaultFileLockManager] Releasing lock on daemon addresses registry.
2021-12-12T20:54:32.530+0600 [DEBUG] [org.gradle.cache.internal.DefaultFileLockManager] Waiting to acquire shared lock on daemon addresses registry.
2021-12-12T20:54:32.531+0600 [DEBUG] [org.gradle.cache.internal.DefaultFileLockManager] Lock acquired on daemon addresses registry.
2021-12-12T20:54:32.532+0600 [DEBUG] [org.gradle.cache.internal.DefaultFileLockManager] Releasing lock on daemon addresses registry.
2021-12-12T20:54:32.533+0600 [DEBUG] [org.gradle.cache.internal.DefaultFileLockManager] Waiting to acquire shared lock on daemon addresses registry.
2021-12-12T20:54:32.533+0600 [DEBUG] [org.gradle.cache.internal.DefaultFileLockManager] Lock acquired on daemon addresses registry.
2021-12-12T20:54:32.534+0600 [DEBUG] [org.gradle.cache.internal.DefaultFileLockManager] Releasing lock on daemon addresses registry.
2021-12-12T20:54:32.534+0600 [DEBUG] [org.gradle.cache.internal.DefaultFileLockManager] Waiting to acquire shared lock on daemon addresses registry.
2021-12-12T20:54:32.535+0600 [DEBUG] [org.gradle.cache.internal.DefaultFileLockManager] Lock acquired on daemon addresses registry.
2021-12-12T20:54:32.536+0600 [DEBUG] [org.gradle.cache.internal.DefaultFileLockManager] Releasing lock on daemon addresses registry.
2021-12-12T20:54:42.514+0600 [DEBUG] [org.gradle.cache.internal.DefaultFileLockManager] Waiting to acquire shared lock on daemon addresses registry.
2021-12-12T20:54:42.514+0600 [DEBUG] [org.gradle.cache.internal.DefaultFileLockManager] Lock acquired on daemon addresses registry.
2021-12-12T20:54:42.515+0600 [DEBUG] [org.gradle.cache.internal.DefaultFileLockManager] Releasing lock on daemon addresses registry.
2021-12-12T20:54:42.516+0600 [DEBUG] [org.gradle.cache.internal.DefaultFileLockManager] Waiting to acquire shared lock on daemon addresses registry.
2021-12-12T20:54:42.516+0600 [DEBUG] [org.gradle.cache.internal.DefaultFileLockManager] Lock acquired on daemon addresses registry.
2021-12-12T20:54:42.517+0600 [DEBUG] [org.gradle.cache.internal.DefaultFileLockManager] Releasing lock on daemon addresses registry.
2021-12-12T20:54:42.518+0600 [DEBUG] [org.gradle.cache.internal.DefaultFileLockManager] Waiting to acquire shared lock on daemon addresses registry.
2021-12-12T20:54:42.518+0600 [DEBUG] [org.gradle.cache.internal.DefaultFileLockManager] Lock acquired on daemon addresses registry.
2021-12-12T20:54:42.519+0600 [DEBUG] [org.gradle.cache.internal.DefaultFileLockManager] Releasing lock on daemon addresses registry.
2021-12-12T20:54:52.511+0600 [DEBUG] [org.gradle.cache.internal.DefaultFileLockManager] Waiting to acquire shared lock on daemon addresses registry.
2021-12-12T20:54:52.512+0600 [DEBUG] [org.gradle.cache.internal.DefaultFileLockManager] Lock acquired on daemon addresses registry.
2021-12-12T20:54:52.513+0600 [DEBUG] [org.gradle.cache.internal.DefaultFileLockManager] Releasing lock on daemon addresses registry.
2021-12-12T20:54:52.513+0600 [DEBUG] [org.gradle.cache.internal.DefaultFileLockManager] Waiting to acquire shared lock on daemon addresses registry.
2021-12-12T20:54:52.513+0600 [DEBUG] [org.gradle.cache.internal.DefaultFileLockManager] Lock acquired on daemon addresses registry.
2021-12-12T20:54:52.514+0600 [DEBUG] [org.gradle.cache.internal.DefaultFileLockManager] Releasing lock on daemon addresses registry.
2021-12-12T20:54:52.515+0600 [DEBUG] [org.gradle.cache.internal.DefaultFileLockManager] Waiting to acquire shared lock on daemon addresses registry.
2021-12-12T20:54:52.515+0600 [DEBUG] [org.gradle.cache.internal.DefaultFileLockManager] Lock acquired on daemon addresses registry.
2021-12-12T20:54:52.516+0600 [DEBUG] [org.gradle.cache.internal.DefaultFileLockManager] Releasing lock on daemon addresses registry.
2021-12-12T20:55:02.507+0600 [DEBUG] [org.gradle.cache.internal.DefaultFileLockManager] Waiting to acquire shared lock on daemon addresses registry.
2021-12-12T20:55:02.508+0600 [DEBUG] [org.gradle.cache.internal.DefaultFileLockManager] Lock acquired on daemon addresses registry.
2021-12-12T20:55:02.511+0600 [DEBUG] [org.gradle.cache.internal.DefaultFileLockManager] Releasing lock on daemon addresses registry.
2021-12-12T20:55:02.513+0600 [DEBUG] [org.gradle.cache.internal.DefaultFileLockManager] Waiting to acquire shared lock on daemon addresses registry.
2021-12-12T20:55:02.513+0600 [DEBUG] [org.gradle.cache.internal.DefaultFileLockManager] Lock acquired on daemon addresses registry.
2021-12-12T20:55:02.514+0600 [DEBUG] [org.gradle.cache.internal.DefaultFileLockManager] Releasing lock on daemon addresses registry.
2021-12-12T20:55:02.515+0600 [DEBUG] [org.gradle.cache.internal.DefaultFileLockManager] Waiting to acquire shared lock on daemon addresses registry.
2021-12-12T20:55:02.515+0600 [DEBUG] [org.gradle.cache.internal.DefaultFileLockManager] Lock acquired on daemon addresses registry.
2021-12-12T20:55:02.515+0600 [DEBUG] [org.gradle.cache.internal.DefaultFileLockManager] Releasing lock on daemon addresses registry.
2021-12-12T20:55:12.517+0600 [DEBUG] [org.gradle.cache.internal.DefaultFileLockManager] Waiting to acquire shared lock on daemon addresses registry.
2021-12-12T20:55:12.518+0600 [DEBUG] [org.gradle.cache.internal.DefaultFileLockManager] Lock acquired on daemon addresses registry.
2021-12-12T20:55:12.528+0600 [DEBUG] [org.gradle.cache.internal.DefaultFileLockManager] Releasing lock on daemon addresses registry.
2021-12-12T20:55:12.532+0600 [DEBUG] [org.gradle.cache.internal.DefaultFileLockManager] Waiting to acquire shared lock on daemon addresses registry.
2021-12-12T20:55:12.533+0600 [DEBUG] [org.gradle.cache.internal.DefaultFileLockManager] Lock acquired on daemon addresses registry.
2021-12-12T20:55:12.536+0600 [DEBUG] [org.gradle.cache.internal.DefaultFileLockManager] Releasing lock on daemon addresses registry.
2021-12-12T20:55:12.537+0600 [DEBUG] [org.gradle.cache.internal.DefaultFileLockManager] Waiting to acquire shared lock on daemon addresses registry.
2021-12-12T20:55:12.538+0600 [DEBUG] [org.gradle.cache.internal.DefaultFileLockManager] Lock acquired on daemon addresses registry.
2021-12-12T20:55:12.541+0600 [DEBUG] [org.gradle.cache.internal.DefaultFileLockManager] Releasing lock on daemon addresses registry.
2021-12-12T20:55:22.505+0600 [DEBUG] [org.gradle.cache.internal.DefaultFileLockManager] Waiting to acquire shared lock on daemon addresses registry.
2021-12-12T20:55:22.505+0600 [DEBUG] [org.gradle.cache.internal.DefaultFileLockManager] Lock acquired on daemon addresses registry.
2021-12-12T20:55:22.506+0600 [DEBUG] [org.gradle.cache.internal.DefaultFileLockManager] Releasing lock on daemon addresses registry.
2021-12-12T20:55:22.506+0600 [DEBUG] [org.gradle.cache.internal.DefaultFileLockManager] Waiting to acquire shared lock on daemon addresses registry.
2021-12-12T20:55:22.506+0600 [DEBUG] [org.gradle.cache.internal.DefaultFileLockManager] Lock acquired on daemon addresses registry.
2021-12-12T20:55:22.507+0600 [DEBUG] [org.gradle.cache.internal.DefaultFileLockManager] Releasing lock on daemon addresses registry.
2021-12-12T20:55:22.507+0600 [DEBUG] [org.gradle.cache.internal.DefaultFileLockManager] Waiting to acquire shared lock on daemon addresses registry.
2021-12-12T20:55:22.507+0600 [DEBUG] [org.gradle.cache.internal.DefaultFileLockManager] Lock acquired on daemon addresses registry.
2021-12-12T20:55:22.508+0600 [DEBUG] [org.gradle.cache.internal.DefaultFileLockManager] Releasing lock on daemon addresses registry.
2021-12-12T20:55:32.508+0600 [DEBUG] [org.gradle.cache.internal.DefaultFileLockManager] Waiting to acquire shared lock on daemon addresses registry.
2021-12-12T20:55:32.508+0600 [DEBUG] [org.gradle.cache.internal.DefaultFileLockManager] Lock acquired on daemon addresses registry.
2021-12-12T20:55:32.509+0600 [DEBUG] [org.gradle.cache.internal.DefaultFileLockManager] Releasing lock on daemon addresses registry.
2021-12-12T20:55:32.509+0600 [DEBUG] [org.gradle.cache.internal.DefaultFileLockManager] Waiting to acquire shared lock on daemon addresses registry.
2021-12-12T20:55:32.510+0600 [DEBUG] [org.gradle.cache.internal.DefaultFileLockManager] Lock acquired on daemon addresses registry.
2021-12-12T20:55:32.510+0600 [DEBUG] [org.gradle.cache.internal.DefaultFileLockManager] Releasing lock on daemon addresses registry.
2021-12-12T20:55:32.511+0600 [DEBUG] [org.gradle.cache.internal.DefaultFileLockManager] Waiting to acquire shared lock on daemon addresses registry.
2021-12-12T20:55:32.511+0600 [DEBUG] [org.gradle.cache.internal.DefaultFileLockManager] Lock acquired on daemon addresses registry.
2021-12-12T20:55:32.512+0600 [DEBUG] [org.gradle.cache.internal.DefaultFileLockManager] Releasing lock on daemon addresses registry.
2021-12-12T20:55:42.510+0600 [DEBUG] [org.gradle.cache.internal.DefaultFileLockManager] Waiting to acquire shared lock on daemon addresses registry.
2021-12-12T20:55:42.511+0600 [DEBUG] [org.gradle.cache.internal.DefaultFileLockManager] Lock acquired on daemon addresses registry.
2021-12-12T20:55:42.512+0600 [DEBUG] [org.gradle.cache.internal.DefaultFileLockManager] Releasing lock on daemon addresses registry.
2021-12-12T20:55:42.512+0600 [DEBUG] [org.gradle.cache.internal.DefaultFileLockManager] Waiting to acquire shared lock on daemon addresses registry.
2021-12-12T20:55:42.513+0600 [DEBUG] [org.gradle.cache.internal.DefaultFileLockManager] Lock acquired on daemon addresses registry.
2021-12-12T20:55:42.514+0600 [DEBUG] [org.gradle.cache.internal.DefaultFileLockManager] Releasing lock on daemon addresses registry.
2021-12-12T20:55:42.514+0600 [DEBUG] [org.gradle.cache.internal.DefaultFileLockManager] Waiting to acquire shared lock on daemon addresses registry.
2021-12-12T20:55:42.515+0600 [DEBUG] [org.gradle.cache.internal.DefaultFileLockManager] Lock acquired on daemon addresses registry.
2021-12-12T20:55:42.516+0600 [DEBUG] [org.gradle.cache.internal.DefaultFileLockManager] Releasing lock on daemon addresses registry.
2021-12-12T20:55:52.505+0600 [DEBUG] [org.gradle.cache.internal.DefaultFileLockManager] Waiting to acquire shared lock on daemon addresses registry.
2021-12-12T20:55:52.506+0600 [DEBUG] [org.gradle.cache.internal.DefaultFileLockManager] Lock acquired on daemon addresses registry.
2021-12-12T20:55:52.507+0600 [DEBUG] [org.gradle.cache.internal.DefaultFileLockManager] Releasing lock on daemon addresses registry.
2021-12-12T20:55:52.508+0600 [DEBUG] [org.gradle.cache.internal.DefaultFileLockManager] Waiting to acquire shared lock on daemon addresses registry.
2021-12-12T20:55:52.508+0600 [DEBUG] [org.gradle.cache.internal.DefaultFileLockManager] Lock acquired on daemon addresses registry.
2021-12-12T20:55:52.510+0600 [DEBUG] [org.gradle.cache.internal.DefaultFileLockManager] Releasing lock on daemon addresses registry.
2021-12-12T20:55:52.510+0600 [DEBUG] [org.gradle.cache.internal.DefaultFileLockManager] Waiting to acquire shared lock on daemon addresses registry.
2021-12-12T20:55:52.511+0600 [DEBUG] [org.gradle.cache.internal.DefaultFileLockManager] Lock acquired on daemon addresses registry.
2021-12-12T20:55:52.512+0600 [DEBUG] [org.gradle.cache.internal.DefaultFileLockManager] Releasing lock on daemon addresses registry.
2021-12-12T20:56:02.506+0600 [DEBUG] [org.gradle.cache.internal.DefaultFileLockManager] Waiting to acquire shared lock on daemon addresses registry.
2021-12-12T20:56:02.506+0600 [DEBUG] [org.gradle.cache.internal.DefaultFileLockManager] Lock acquired on daemon addresses registry.
2021-12-12T20:56:02.507+0600 [DEBUG] [org.gradle.cache.internal.DefaultFileLockManager] Releasing lock on daemon addresses registry.
2021-12-12T20:56:02.508+0600 [DEBUG] [org.gradle.cache.internal.DefaultFileLockManager] Waiting to acquire shared lock on daemon addresses registry.
2021-12-12T20:56:02.508+0600 [DEBUG] [org.gradle.cache.internal.DefaultFileLockManager] Lock acquired on daemon addresses registry.
2021-12-12T20:56:02.509+0600 [DEBUG] [org.gradle.cache.internal.DefaultFileLockManager] Releasing lock on daemon addresses registry.
2021-12-12T20:56:02.510+0600 [DEBUG] [org.gradle.cache.internal.DefaultFileLockManager] Waiting to acquire shared lock on daemon addresses registry.
2021-12-12T20:56:02.510+0600 [DEBUG] [org.gradle.cache.internal.DefaultFileLockManager] Lock acquired on daemon addresses registry.
2021-12-12T20:56:02.511+0600 [DEBUG] [org.gradle.cache.internal.DefaultFileLockManager] Releasing lock on daemon addresses registry.
2021-12-12T20:56:12.513+0600 [DEBUG] [org.gradle.cache.internal.DefaultFileLockManager] Waiting to acquire shared lock on daemon addresses registry.
2021-12-12T20:56:12.513+0600 [DEBUG] [org.gradle.cache.internal.DefaultFileLockManager] Lock acquired on daemon addresses registry.
2021-12-12T20:56:12.514+0600 [DEBUG] [org.gradle.cache.internal.DefaultFileLockManager] Releasing lock on daemon addresses registry.
2021-12-12T20:56:12.514+0600 [DEBUG] [org.gradle.cache.internal.DefaultFileLockManager] Waiting to acquire shared lock on daemon addresses registry.
2021-12-12T20:56:12.514+0600 [DEBUG] [org.gradle.cache.internal.DefaultFileLockManager] Lock acquired on daemon addresses registry.
2021-12-12T20:56:12.515+0600 [DEBUG] [org.gradle.cache.internal.DefaultFileLockManager] Releasing lock on daemon addresses registry.
2021-12-12T20:56:12.515+0600 [DEBUG] [org.gradle.cache.internal.DefaultFileLockManager] Waiting to acquire shared lock on daemon addresses registry.
2021-12-12T20:56:12.515+0600 [DEBUG] [org.gradle.cache.internal.DefaultFileLockManager] Lock acquired on daemon addresses registry.
2021-12-12T20:56:12.516+0600 [DEBUG] [org.gradle.cache.internal.DefaultFileLockManager] Releasing lock on daemon addresses registry.
2021-12-12T20:56:22.505+0600 [DEBUG] [org.gradle.cache.internal.DefaultFileLockManager] Waiting to acquire shared lock on daemon addresses registry.
2021-12-12T20:56:22.505+0600 [DEBUG] [org.gradle.cache.internal.DefaultFileLockManager] Lock acquired on daemon addresses registry.
2021-12-12T20:56:22.506+0600 [DEBUG] [org.gradle.cache.internal.DefaultFileLockManager] Releasing lock on daemon addresses registry.
2021-12-12T20:56:22.507+0600 [DEBUG] [org.gradle.cache.internal.DefaultFileLockManager] Waiting to acquire shared lock on daemon addresses registry.
2021-12-12T20:56:22.507+0600 [DEBUG] [org.gradle.cache.internal.DefaultFileLockManager] Lock acquired on daemon addresses registry.
2021-12-12T20:56:22.509+0600 [DEBUG] [org.gradle.cache.internal.DefaultFileLockManager] Releasing lock on daemon addresses registry.
2021-12-12T20:56:22.509+0600 [DEBUG] [org.gradle.cache.internal.DefaultFileLockManager] Waiting to acquire shared lock on daemon addresses registry.
2021-12-12T20:56:22.509+0600 [DEBUG] [org.gradle.cache.internal.DefaultFileLockManager] Lock acquired on daemon addresses registry.
2021-12-12T20:56:22.510+0600 [DEBUG] [org.gradle.cache.internal.DefaultFileLockManager] Releasing lock on daemon addresses registry.
2021-12-12T20:56:32.512+0600 [DEBUG] [org.gradle.cache.internal.DefaultFileLockManager] Waiting to acquire shared lock on daemon addresses registry.
2021-12-12T20:56:32.512+0600 [DEBUG] [org.gradle.cache.internal.DefaultFileLockManager] Lock acquired on daemon addresses registry.
2021-12-12T20:56:32.513+0600 [DEBUG] [org.gradle.cache.internal.DefaultFileLockManager] Releasing lock on daemon addresses registry.
2021-12-12T20:56:32.513+0600 [DEBUG] [org.gradle.cache.internal.DefaultFileLockManager] Waiting to acquire shared lock on daemon addresses registry.
2021-12-12T20:56:32.513+0600 [DEBUG] [org.gradle.cache.internal.DefaultFileLockManager] Lock acquired on daemon addresses registry.
2021-12-12T20:56:32.514+0600 [DEBUG] [org.gradle.cache.internal.DefaultFileLockManager] Releasing lock on daemon addresses registry.
2021-12-12T20:56:32.515+0600 [DEBUG] [org.gradle.cache.internal.DefaultFileLockManager] Waiting to acquire shared lock on daemon addresses registry.
2021-12-12T20:56:32.515+0600 [DEBUG] [org.gradle.cache.internal.DefaultFileLockManager] Lock acquired on daemon addresses registry.
2021-12-12T20:56:32.516+0600 [DEBUG] [org.gradle.cache.internal.DefaultFileLockManager] Releasing lock on daemon addresses registry.
2021-12-12T20:56:42.509+0600 [DEBUG] [org.gradle.cache.internal.DefaultFileLockManager] Waiting to acquire shared lock on daemon addresses registry.
2021-12-12T20:56:42.512+0600 [DEBUG] [org.gradle.cache.internal.DefaultFileLockManager] Lock acquired on daemon addresses registry.
2021-12-12T20:56:42.516+0600 [DEBUG] [org.gradle.cache.internal.DefaultFileLockManager] Releasing lock on daemon addresses registry.
2021-12-12T20:56:42.521+0600 [DEBUG] [org.gradle.cache.internal.DefaultFileLockManager] Waiting to acquire shared lock on daemon addresses registry.
2021-12-12T20:56:42.522+0600 [DEBUG] [org.gradle.cache.internal.DefaultFileLockManager] Lock acquired on daemon addresses registry.
2021-12-12T20:56:42.541+0600 [DEBUG] [org.gradle.cache.internal.DefaultFileLockManager] Releasing lock on daemon addresses registry.
2021-12-12T20:56:42.542+0600 [DEBUG] [org.gradle.cache.internal.DefaultFileLockManager] Waiting to acquire shared lock on daemon addresses registry.
2021-12-12T20:56:42.543+0600 [DEBUG] [org.gradle.cache.internal.DefaultFileLockManager] Lock acquired on daemon addresses registry.
2021-12-12T20:56:42.554+0600 [DEBUG] [org.gradle.cache.internal.DefaultFileLockManager] Releasing lock on daemon addresses registry.
2021-12-12T20:56:52.558+0600 [DEBUG] [org.gradle.cache.internal.DefaultFileLockManager] Waiting to acquire shared lock on daemon addresses registry.
2021-12-12T20:56:52.558+0600 [DEBUG] [org.gradle.cache.internal.DefaultFileLockManager] Lock acquired on daemon addresses registry.
2021-12-12T20:56:52.621+0600 [DEBUG] [org.gradle.cache.internal.DefaultFileLockManager] Releasing lock on daemon addresses registry.
2021-12-12T20:56:52.661+0600 [DEBUG] [org.gradle.cache.internal.DefaultFileLockManager] Waiting to acquire shared lock on daemon addresses registry.
2021-12-12T20:56:52.661+0600 [DEBUG] [org.gradle.cache.internal.DefaultFileLockManager] Lock acquired on daemon addresses registry.
2021-12-12T20:56:52.662+0600 [DEBUG] [org.gradle.cache.internal.DefaultFileLockManager] Releasing lock on daemon addresses registry.
2021-12-12T20:56:52.663+0600 [DEBUG] [org.gradle.cache.internal.DefaultFileLockManager] Waiting to acquire shared lock on daemon addresses registry.
2021-12-12T20:56:52.664+0600 [DEBUG] [org.gradle.cache.internal.DefaultFileLockManager] Lock acquired on daemon addresses registry.
2021-12-12T20:56:52.665+0600 [DEBUG] [org.gradle.cache.internal.DefaultFileLockManager] Releasing lock on daemon addresses registry.
2021-12-12T20:57:02.532+0600 [DEBUG] [org.gradle.cache.internal.DefaultFileLockManager] Waiting to acquire shared lock on daemon addresses registry.
2021-12-12T20:57:02.533+0600 [DEBUG] [org.gradle.cache.internal.DefaultFileLockManager] Lock acquired on daemon addresses registry.
2021-12-12T20:57:02.534+0600 [DEBUG] [org.gradle.cache.internal.DefaultFileLockManager] Releasing lock on daemon addresses registry.
2021-12-12T20:57:02.535+0600 [DEBUG] [org.gradle.cache.internal.DefaultFileLockManager] Waiting to acquire shared lock on daemon addresses registry.
2021-12-12T20:57:02.535+0600 [DEBUG] [org.gradle.cache.internal.DefaultFileLockManager] Lock acquired on daemon addresses registry.
2021-12-12T20:57:02.537+0600 [DEBUG] [org.gradle.cache.internal.DefaultFileLockManager] Releasing lock on daemon addresses registry.
2021-12-12T20:57:02.537+0600 [DEBUG] [org.gradle.cache.internal.DefaultFileLockManager] Waiting to acquire shared lock on daemon addresses registry.
2021-12-12T20:57:02.538+0600 [DEBUG] [org.gradle.cache.internal.DefaultFileLockManager] Lock acquired on daemon addresses registry.
2021-12-12T20:57:02.539+0600 [DEBUG] [org.gradle.cache.internal.DefaultFileLockManager] Releasing lock on daemon addresses registry.
2021-12-12T20:57:12.505+0600 [DEBUG] [org.gradle.cache.internal.DefaultFileLockManager] Waiting to acquire shared lock on daemon addresses registry.
2021-12-12T20:57:12.505+0600 [DEBUG] [org.gradle.cache.internal.DefaultFileLockManager] Lock acquired on daemon addresses registry.
2021-12-12T20:57:12.506+0600 [DEBUG] [org.gradle.cache.internal.DefaultFileLockManager] Releasing lock on daemon addresses registry.
2021-12-12T20:57:12.506+0600 [DEBUG] [org.gradle.cache.internal.DefaultFileLockManager] Waiting to acquire shared lock on daemon addresses registry.
2021-12-12T20:57:12.507+0600 [DEBUG] [org.gradle.cache.internal.DefaultFileLockManager] Lock acquired on daemon addresses registry.
2021-12-12T20:57:12.507+0600 [DEBUG] [org.gradle.cache.internal.DefaultFileLockManager] Releasing lock on daemon addresses registry.
2021-12-12T20:57:12.508+0600 [DEBUG] [org.gradle.cache.internal.DefaultFileLockManager] Waiting to acquire shared lock on daemon addresses registry.
2021-12-12T20:57:12.508+0600 [DEBUG] [org.gradle.cache.internal.DefaultFileLockManager] Lock acquired on daemon addresses registry.
2021-12-12T20:57:12.509+0600 [DEBUG] [org.gradle.cache.internal.DefaultFileLockManager] Releasing lock on daemon addresses registry.
2021-12-12T20:57:12.600+0600 [DEBUG] [org.gradle.process.internal.health.memory.DefaultMemoryManager] 848150118 memory requested, 699973632 free
2021-12-12T20:57:12.600+0600 [DEBUG] [org.gradle.workers.internal.WorkerDaemonExpiration] Will attempt to release 808 of memory
2021-12-12T20:57:12.603+0600 [DEBUG] [org.gradle.process.internal.health.memory.DefaultMemoryManager] 848150118 memory requested, 0 released, 699973632 free
2021-12-12T20:57:17.598+0600 [DEBUG] [org.gradle.process.internal.health.memory.DefaultMemoryManager] 848150118 memory requested, 691888128 free
2021-12-12T20:57:17.598+0600 [DEBUG] [org.gradle.workers.internal.WorkerDaemonExpiration] Will attempt to release 808 of memory
2021-12-12T20:57:17.598+0600 [DEBUG] [org.gradle.process.internal.health.memory.DefaultMemoryManager] 848150118 memory requested, 0 released, 691888128 free
2021-12-12T20:57:22.507+0600 [DEBUG] [org.gradle.cache.internal.DefaultFileLockManager] Waiting to acquire shared lock on daemon addresses registry.
2021-12-12T20:57:22.508+0600 [DEBUG] [org.gradle.cache.internal.DefaultFileLockManager] Lock acquired on daemon addresses registry.
2021-12-12T20:57:22.509+0600 [DEBUG] [org.gradle.cache.internal.DefaultFileLockManager] Releasing lock on daemon addresses registry.
2021-12-12T20:57:22.514+0600 [DEBUG] [org.gradle.cache.internal.DefaultFileLockManager] Waiting to acquire shared lock on daemon addresses registry.
2021-12-12T20:57:22.514+0600 [DEBUG] [org.gradle.cache.internal.DefaultFileLockManager] Lock acquired on daemon addresses registry.
2021-12-12T20:57:22.515+0600 [DEBUG] [org.gradle.cache.internal.DefaultFileLockManager] Releasing lock on daemon addresses registry.
2021-12-12T20:57:22.516+0600 [DEBUG] [org.gradle.cache.internal.DefaultFileLockManager] Waiting to acquire shared lock on daemon addresses registry.
2021-12-12T20:57:22.516+0600 [DEBUG] [org.gradle.cache.internal.DefaultFileLockManager] Lock acquired on daemon addresses registry.
2021-12-12T20:57:22.521+0600 [DEBUG] [org.gradle.cache.internal.DefaultFileLockManager] Releasing lock on daemon addresses registry.
2021-12-12T20:57:22.668+0600 [DEBUG] [org.gradle.process.internal.health.memory.DefaultMemoryManager] 848150118 memory requested, 700538880 free
2021-12-12T20:57:22.668+0600 [DEBUG] [org.gradle.workers.internal.WorkerDaemonExpiration] Will attempt to release 808 of memory
2021-12-12T20:57:22.668+0600 [DEBUG] [org.gradle.process.internal.health.memory.DefaultMemoryManager] 848150118 memory requested, 0 released, 700538880 free
2021-12-12T20:57:27.597+0600 [DEBUG] [org.gradle.process.internal.health.memory.DefaultMemoryManager] 848150118 memory requested, 688128000 free
2021-12-12T20:57:27.598+0600 [DEBUG] [org.gradle.workers.internal.WorkerDaemonExpiration] Will attempt to release 808 of memory
2021-12-12T20:57:27.598+0600 [DEBUG] [org.gradle.process.internal.health.memory.DefaultMemoryManager] 848150118 memory requested, 0 released, 688128000 free
2021-12-12T20:57:32.505+0600 [DEBUG] [org.gradle.cache.internal.DefaultFileLockManager] Waiting to acquire shared lock on daemon addresses registry.
2021-12-12T20:57:32.505+0600 [DEBUG] [org.gradle.cache.internal.DefaultFileLockManager] Lock acquired on daemon addresses registry.
2021-12-12T20:57:32.506+0600 [DEBUG] [org.gradle.cache.internal.DefaultFileLockManager] Releasing lock on daemon addresses registry.
2021-12-12T20:57:32.506+0600 [DEBUG] [org.gradle.cache.internal.DefaultFileLockManager] Waiting to acquire shared lock on daemon addresses registry.
2021-12-12T20:57:32.506+0600 [DEBUG] [org.gradle.cache.internal.DefaultFileLockManager] Lock acquired on daemon addresses registry.
2021-12-12T20:57:32.507+0600 [DEBUG] [org.gradle.cache.internal.DefaultFileLockManager] Releasing lock on daemon addresses registry.
2021-12-12T20:57:32.507+0600 [DEBUG] [org.gradle.cache.internal.DefaultFileLockManager] Waiting to acquire shared lock on daemon addresses registry.
2021-12-12T20:57:32.508+0600 [DEBUG] [org.gradle.cache.internal.DefaultFileLockManager] Lock acquired on daemon addresses registry.
2021-12-12T20:57:32.508+0600 [DEBUG] [org.gradle.cache.internal.DefaultFileLockManager] Releasing lock on daemon addresses registry.
2021-12-12T20:57:32.597+0600 [DEBUG] [org.gradle.process.internal.health.memory.DefaultMemoryManager] 848150118 memory requested, 690176000 free
2021-12-12T20:57:32.597+0600 [DEBUG] [org.gradle.workers.internal.WorkerDaemonExpiration] Will attempt to release 808 of memory
2021-12-12T20:57:32.597+0600 [DEBUG] [org.gradle.process.internal.health.memory.DefaultMemoryManager] 848150118 memory requested, 0 released, 690176000 free
2021-12-12T20:57:37.600+0600 [DEBUG] [org.gradle.process.internal.health.memory.DefaultMemoryManager] 848150118 memory requested, 655982592 free
2021-12-12T20:57:37.600+0600 [DEBUG] [org.gradle.workers.internal.WorkerDaemonExpiration] Will attempt to release 808 of memory
2021-12-12T20:57:37.600+0600 [DEBUG] [org.gradle.process.internal.health.memory.DefaultMemoryManager] 848150118 memory requested, 0 released, 655982592 free
2021-12-12T20:57:42.507+0600 [DEBUG] [org.gradle.cache.internal.DefaultFileLockManager] Waiting to acquire shared lock on daemon addresses registry.
2021-12-12T20:57:42.507+0600 [DEBUG] [org.gradle.cache.internal.DefaultFileLockManager] Lock acquired on daemon addresses registry.
2021-12-12T20:57:42.508+0600 [DEBUG] [org.gradle.cache.internal.DefaultFileLockManager] Releasing lock on daemon addresses registry.
2021-12-12T20:57:42.508+0600 [DEBUG] [org.gradle.cache.internal.DefaultFileLockManager] Waiting to acquire shared lock on daemon addresses registry.
2021-12-12T20:57:42.508+0600 [DEBUG] [org.gradle.cache.internal.DefaultFileLockManager] Lock acquired on daemon addresses registry.
2021-12-12T20:57:42.509+0600 [DEBUG] [org.gradle.cache.internal.DefaultFileLockManager] Releasing lock on daemon addresses registry.
2021-12-12T20:57:42.509+0600 [DEBUG] [org.gradle.cache.internal.DefaultFileLockManager] Waiting to acquire shared lock on daemon addresses registry.
2021-12-12T20:57:42.510+0600 [DEBUG] [org.gradle.cache.internal.DefaultFileLockManager] Lock acquired on daemon addresses registry.
2021-12-12T20:57:42.511+0600 [DEBUG] [org.gradle.cache.internal.DefaultFileLockManager] Releasing lock on daemon addresses registry.
2021-12-12T20:57:42.600+0600 [DEBUG] [org.gradle.process.internal.health.memory.DefaultMemoryManager] 848150118 memory requested, 655585280 free
2021-12-12T20:57:42.601+0600 [DEBUG] [org.gradle.workers.internal.WorkerDaemonExpiration] Will attempt to release 808 of memory
2021-12-12T20:57:42.601+0600 [DEBUG] [org.gradle.process.internal.health.memory.DefaultMemoryManager] 848150118 memory requested, 0 released, 655585280 free
2021-12-12T20:57:47.597+0600 [DEBUG] [org.gradle.process.internal.health.memory.DefaultMemoryManager] 848150118 memory requested, 654622720 free
2021-12-12T20:57:47.597+0600 [DEBUG] [org.gradle.workers.internal.WorkerDaemonExpiration] Will attempt to release 808 of memory
2021-12-12T20:57:47.597+0600 [DEBUG] [org.gradle.process.internal.health.memory.DefaultMemoryManager] 848150118 memory requested, 0 released, 654622720 free
2021-12-12T20:57:52.551+0600 [DEBUG] [org.gradle.cache.internal.DefaultFileLockManager] Waiting to acquire shared lock on daemon addresses registry.
2021-12-12T20:57:52.552+0600 [DEBUG] [org.gradle.cache.internal.DefaultFileLockManager] Lock acquired on daemon addresses registry.
2021-12-12T20:57:52.553+0600 [DEBUG] [org.gradle.cache.internal.DefaultFileLockManager] Releasing lock on daemon addresses registry.
2021-12-12T20:57:52.554+0600 [DEBUG] [org.gradle.cache.internal.DefaultFileLockManager] Waiting to acquire shared lock on daemon addresses registry.
2021-12-12T20:57:52.554+0600 [DEBUG] [org.gradle.cache.internal.DefaultFileLockManager] Lock acquired on daemon addresses registry.
2021-12-12T20:57:52.555+0600 [DEBUG] [org.gradle.cache.internal.DefaultFileLockManager] Releasing lock on daemon addresses registry.
2021-12-12T20:57:52.555+0600 [DEBUG] [org.gradle.cache.internal.DefaultFileLockManager] Waiting to acquire shared lock on daemon addresses registry.
2021-12-12T20:57:52.556+0600 [DEBUG] [org.gradle.cache.internal.DefaultFileLockManager] Lock acquired on daemon addresses registry.
2021-12-12T20:57:52.556+0600 [DEBUG] [org.gradle.cache.internal.DefaultFileLockManager] Releasing lock on daemon addresses registry.
2021-12-12T20:57:52.608+0600 [DEBUG] [org.gradle.process.internal.health.memory.DefaultMemoryManager] 848150118 memory requested, 662286336 free
2021-12-12T20:57:52.608+0600 [DEBUG] [org.gradle.workers.internal.WorkerDaemonExpiration] Will attempt to release 808 of memory
2021-12-12T20:57:52.657+0600 [DEBUG] [org.gradle.process.internal.health.memory.DefaultMemoryManager] 848150118 memory requested, 0 released, 662286336 free
2021-12-12T20:57:57.611+0600 [DEBUG] [org.gradle.process.internal.health.memory.DefaultMemoryManager] 848150118 memory requested, 615579648 free
2021-12-12T20:57:57.611+0600 [DEBUG] [org.gradle.workers.internal.WorkerDaemonExpiration] Will attempt to release 808 of memory
2021-12-12T20:57:57.611+0600 [DEBUG] [org.gradle.process.internal.health.memory.DefaultMemoryManager] 848150118 memory requested, 0 released, 615579648 free
2021-12-12T20:58:02.507+0600 [DEBUG] [org.gradle.cache.internal.DefaultFileLockManager] Waiting to acquire shared lock on daemon addresses registry.
2021-12-12T20:58:02.508+0600 [DEBUG] [org.gradle.cache.internal.DefaultFileLockManager] Lock acquired on daemon addresses registry.
2021-12-12T20:58:02.509+0600 [DEBUG] [org.gradle.cache.internal.DefaultFileLockManager] Releasing lock on daemon addresses registry.
2021-12-12T20:58:02.510+0600 [DEBUG] [org.gradle.cache.internal.DefaultFileLockManager] Waiting to acquire shared lock on daemon addresses registry.
2021-12-12T20:58:02.510+0600 [DEBUG] [org.gradle.cache.internal.DefaultFileLockManager] Lock acquired on daemon addresses registry.
2021-12-12T20:58:02.511+0600 [DEBUG] [org.gradle.cache.internal.DefaultFileLockManager] Releasing lock on daemon addresses registry.
2021-12-12T20:58:02.511+0600 [DEBUG] [org.gradle.cache.internal.DefaultFileLockManager] Waiting to acquire shared lock on daemon addresses registry.
2021-12-12T20:58:02.511+0600 [DEBUG] [org.gradle.cache.internal.DefaultFileLockManager] Lock acquired on daemon addresses registry.
2021-12-12T20:58:02.512+0600 [DEBUG] [org.gradle.cache.internal.DefaultFileLockManager] Releasing lock on daemon addresses registry.
2021-12-12T20:58:02.600+0600 [DEBUG] [org.gradle.process.internal.health.memory.DefaultMemoryManager] 848150118 memory requested, 592789504 free
2021-12-12T20:58:02.600+0600 [DEBUG] [org.gradle.workers.internal.WorkerDaemonExpiration] Will attempt to release 808 of memory
2021-12-12T20:58:02.600+0600 [DEBUG] [org.gradle.process.internal.health.memory.DefaultMemoryManager] 848150118 memory requested, 0 released, 592789504 free
2021-12-12T20:58:07.603+0600 [DEBUG] [org.gradle.process.internal.health.memory.DefaultMemoryManager] 848150118 memory requested, 604676096 free
2021-12-12T20:58:07.603+0600 [DEBUG] [org.gradle.workers.internal.WorkerDaemonExpiration] Will attempt to release 808 of memory
2021-12-12T20:58:07.603+0600 [DEBUG] [org.gradle.process.internal.health.memory.DefaultMemoryManager] 848150118 memory requested, 0 released, 604676096 free
2021-12-12T20:58:12.506+0600 [DEBUG] [org.gradle.cache.internal.DefaultFileLockManager] Waiting to acquire shared lock on daemon addresses registry.
2021-12-12T20:58:12.506+0600 [DEBUG] [org.gradle.cache.internal.DefaultFileLockManager] Lock acquired on daemon addresses registry.
2021-12-12T20:58:12.508+0600 [DEBUG] [org.gradle.cache.internal.DefaultFileLockManager] Releasing lock on daemon addresses registry.
2021-12-12T20:58:12.508+0600 [DEBUG] [org.gradle.cache.internal.DefaultFileLockManager] Waiting to acquire shared lock on daemon addresses registry.
2021-12-12T20:58:12.508+0600 [DEBUG] [org.gradle.cache.internal.DefaultFileLockManager] Lock acquired on daemon addresses registry.
2021-12-12T20:58:12.509+0600 [DEBUG] [org.gradle.cache.internal.DefaultFileLockManager] Releasing lock on daemon addresses registry.
2021-12-12T20:58:12.516+0600 [DEBUG] [org.gradle.cache.internal.DefaultFileLockManager] Waiting to acquire shared lock on daemon addresses registry.
2021-12-12T20:58:12.516+0600 [DEBUG] [org.gradle.cache.internal.DefaultFileLockManager] Lock acquired on daemon addresses registry.
2021-12-12T20:58:12.518+0600 [DEBUG] [org.gradle.cache.internal.DefaultFileLockManager] Releasing lock on daemon addresses registry.
2021-12-12T20:58:12.596+0600 [DEBUG] [org.gradle.process.internal.health.memory.DefaultMemoryManager] 848150118 memory requested, 707780608 free
2021-12-12T20:58:12.598+0600 [DEBUG] [org.gradle.workers.internal.WorkerDaemonExpiration] Will attempt to release 808 of memory
2021-12-12T20:58:12.598+0600 [DEBUG] [org.gradle.process.internal.health.memory.DefaultMemoryManager] 848150118 memory requested, 0 released, 707780608 free
2021-12-12T20:58:17.601+0600 [DEBUG] [org.gradle.process.internal.health.memory.DefaultMemoryManager] 848150118 memory requested, 737259520 free
2021-12-12T20:58:17.602+0600 [DEBUG] [org.gradle.workers.internal.WorkerDaemonExpiration] Will attempt to release 808 of memory
2021-12-12T20:58:17.602+0600 [DEBUG] [org.gradle.process.internal.health.memory.DefaultMemoryManager] 848150118 memory requested, 0 released, 737259520 free
2021-12-12T20:58:22.515+0600 [DEBUG] [org.gradle.cache.internal.DefaultFileLockManager] Waiting to acquire shared lock on daemon addresses registry.
2021-12-12T20:58:22.515+0600 [DEBUG] [org.gradle.cache.internal.DefaultFileLockManager] Lock acquired on daemon addresses registry.
2021-12-12T20:58:22.516+0600 [DEBUG] [org.gradle.cache.internal.DefaultFileLockManager] Releasing lock on daemon addresses registry.
2021-12-12T20:58:22.516+0600 [DEBUG] [org.gradle.cache.internal.DefaultFileLockManager] Waiting to acquire shared lock on daemon addresses registry.
2021-12-12T20:58:22.516+0600 [DEBUG] [org.gradle.cache.internal.DefaultFileLockManager] Lock acquired on daemon addresses registry.
2021-12-12T20:58:22.517+0600 [DEBUG] [org.gradle.cache.internal.DefaultFileLockManager] Releasing lock on daemon addresses registry.
2021-12-12T20:58:22.517+0600 [DEBUG] [org.gradle.cache.internal.DefaultFileLockManager] Waiting to acquire shared lock on daemon addresses registry.
2021-12-12T20:58:22.517+0600 [DEBUG] [org.gradle.cache.internal.DefaultFileLockManager] Lock acquired on daemon addresses registry.
2021-12-12T20:58:22.518+0600 [DEBUG] [org.gradle.cache.internal.DefaultFileLockManager] Releasing lock on daemon addresses registry.
2021-12-12T20:58:22.594+0600 [DEBUG] [org.gradle.process.internal.health.memory.DefaultMemoryManager] 848150118 memory requested, 741859328 free
2021-12-12T20:58:22.594+0600 [DEBUG] [org.gradle.workers.internal.WorkerDaemonExpiration] Will attempt to release 808 of memory
2021-12-12T20:58:22.594+0600 [DEBUG] [org.gradle.process.internal.health.memory.DefaultMemoryManager] 848150118 memory requested, 0 released, 741859328 free
2021-12-12T20:58:27.599+0600 [DEBUG] [org.gradle.process.internal.health.memory.DefaultMemoryManager] 848150118 memory requested, 752373760 free
2021-12-12T20:58:27.599+0600 [DEBUG] [org.gradle.workers.internal.WorkerDaemonExpiration] Will attempt to release 808 of memory
2021-12-12T20:58:27.599+0600 [DEBUG] [org.gradle.process.internal.health.memory.DefaultMemoryManager] 848150118 memory requested, 0 released, 752373760 free
2021-12-12T20:58:32.516+0600 [DEBUG] [org.gradle.cache.internal.DefaultFileLockManager] Waiting to acquire shared lock on daemon addresses registry.
2021-12-12T20:58:32.516+0600 [DEBUG] [org.gradle.cache.internal.DefaultFileLockManager] Lock acquired on daemon addresses registry.
2021-12-12T20:58:32.517+0600 [DEBUG] [org.gradle.cache.internal.DefaultFileLockManager] Releasing lock on daemon addresses registry.
2021-12-12T20:58:32.518+0600 [DEBUG] [org.gradle.cache.internal.DefaultFileLockManager] Waiting to acquire shared lock on daemon addresses registry.
2021-12-12T20:58:32.532+0600 [DEBUG] [org.gradle.cache.internal.DefaultFileLockManager] Lock acquired on daemon addresses registry.
2021-12-12T20:58:32.534+0600 [DEBUG] [org.gradle.cache.internal.DefaultFileLockManager] Releasing lock on daemon addresses registry.
2021-12-12T20:58:32.534+0600 [DEBUG] [org.gradle.cache.internal.DefaultFileLockManager] Waiting to acquire shared lock on daemon addresses registry.
2021-12-12T20:58:32.534+0600 [DEBUG] [org.gradle.cache.internal.DefaultFileLockManager] Lock acquired on daemon addresses registry.
2021-12-12T20:58:32.535+0600 [DEBUG] [org.gradle.cache.internal.DefaultFileLockManager] Releasing lock on daemon addresses registry.
2021-12-12T20:58:32.596+0600 [DEBUG] [org.gradle.process.internal.health.memory.DefaultMemoryManager] 848150118 memory requested, 750186496 free
2021-12-12T20:58:32.596+0600 [DEBUG] [org.gradle.workers.internal.WorkerDaemonExpiration] Will attempt to release 808 of memory
2021-12-12T20:58:32.596+0600 [DEBUG] [org.gradle.process.internal.health.memory.DefaultMemoryManager] 848150118 memory requested, 0 released, 750186496 free
2021-12-12T20:58:37.602+0600 [DEBUG] [org.gradle.process.internal.health.memory.DefaultMemoryManager] 848150118 memory requested, 771219456 free
2021-12-12T20:58:37.602+0600 [DEBUG] [org.gradle.workers.internal.WorkerDaemonExpiration] Will attempt to release 808 of memory
2021-12-12T20:58:37.602+0600 [DEBUG] [org.gradle.process.internal.health.memory.DefaultMemoryManager] 848150118 memory requested, 0 released, 771219456 free
2021-12-12T20:58:42.514+0600 [DEBUG] [org.gradle.cache.internal.DefaultFileLockManager] Waiting to acquire shared lock on daemon addresses registry.
2021-12-12T20:58:42.515+0600 [DEBUG] [org.gradle.cache.internal.DefaultFileLockManager] Lock acquired on daemon addresses registry.
2021-12-12T20:58:42.515+0600 [DEBUG] [org.gradle.cache.internal.DefaultFileLockManager] Releasing lock on daemon addresses registry.
2021-12-12T20:58:42.516+0600 [DEBUG] [org.gradle.cache.internal.DefaultFileLockManager] Waiting to acquire shared lock on daemon addresses registry.
2021-12-12T20:58:42.516+0600 [DEBUG] [org.gradle.cache.internal.DefaultFileLockManager] Lock acquired on daemon addresses registry.
2021-12-12T20:58:42.523+0600 [DEBUG] [org.gradle.cache.internal.DefaultFileLockManager] Releasing lock on daemon addresses registry.
2021-12-12T20:58:42.523+0600 [DEBUG] [org.gradle.cache.internal.DefaultFileLockManager] Waiting to acquire shared lock on daemon addresses registry.
2021-12-12T20:58:42.524+0600 [DEBUG] [org.gradle.cache.internal.DefaultFileLockManager] Lock acquired on daemon addresses registry.
2021-12-12T20:58:42.524+0600 [DEBUG] [org.gradle.cache.internal.DefaultFileLockManager] Releasing lock on daemon addresses registry.
2021-12-12T20:58:42.598+0600 [DEBUG] [org.gradle.process.internal.health.memory.DefaultMemoryManager] 848150118 memory requested, 773476352 free
2021-12-12T20:58:42.598+0600 [DEBUG] [org.gradle.workers.internal.WorkerDaemonExpiration] Will attempt to release 808 of memory
2021-12-12T20:58:42.598+0600 [DEBUG] [org.gradle.process.internal.health.memory.DefaultMemoryManager] 848150118 memory requested, 0 released, 773476352 free
2021-12-12T20:58:47.599+0600 [DEBUG] [org.gradle.process.internal.health.memory.DefaultMemoryManager] 848150118 memory requested, 791887872 free
2021-12-12T20:58:47.599+0600 [DEBUG] [org.gradle.workers.internal.WorkerDaemonExpiration] Will attempt to release 808 of memory
2021-12-12T20:58:47.599+0600 [DEBUG] [org.gradle.process.internal.health.memory.DefaultMemoryManager] 848150118 memory requested, 0 released, 791887872 free
2021-12-12T20:58:52.940+0600 [DEBUG] [org.gradle.cache.internal.DefaultFileLockManager] Waiting to acquire shared lock on daemon addresses registry.
2021-12-12T20:58:52.940+0600 [DEBUG] [org.gradle.cache.internal.DefaultFileLockManager] Lock acquired on daemon addresses registry.
2021-12-12T20:58:52.941+0600 [DEBUG] [org.gradle.cache.internal.DefaultFileLockManager] Releasing lock on daemon addresses registry.
2021-12-12T20:58:52.941+0600 [DEBUG] [org.gradle.cache.internal.DefaultFileLockManager] Waiting to acquire shared lock on daemon addresses registry.
2021-12-12T20:58:52.941+0600 [DEBUG] [org.gradle.cache.internal.DefaultFileLockManager] Lock acquired on daemon addresses registry.
2021-12-12T20:58:52.942+0600 [DEBUG] [org.gradle.cache.internal.DefaultFileLockManager] Releasing lock on daemon addresses registry.
2021-12-12T20:58:52.944+0600 [DEBUG] [org.gradle.cache.internal.DefaultFileLockManager] Waiting to acquire shared lock on daemon addresses registry.
2021-12-12T20:58:52.944+0600 [DEBUG] [org.gradle.cache.internal.DefaultFileLockManager] Lock acquired on daemon addresses registry.
2021-12-12T20:58:52.945+0600 [DEBUG] [org.gradle.cache.internal.DefaultFileLockManager] Releasing lock on daemon addresses registry.
2021-12-12T20:58:52.945+0600 [DEBUG] [org.gradle.process.internal.health.memory.DefaultMemoryManager] 848150118 memory requested, 788627456 free
2021-12-12T20:58:52.945+0600 [DEBUG] [org.gradle.workers.internal.WorkerDaemonExpiration] Will attempt to release 808 of memory
2021-12-12T20:58:52.946+0600 [DEBUG] [org.gradle.process.internal.health.memory.DefaultMemoryManager] 848150118 memory requested, 0 released, 788627456 free
2021-12-12T20:58:58.070+0600 [DEBUG] [org.gradle.process.internal.health.memory.DefaultMemoryManager] 848150118 memory requested, 791252992 free
2021-12-12T20:58:58.070+0600 [DEBUG] [org.gradle.workers.internal.WorkerDaemonExpiration] Will attempt to release 808 of memory
2021-12-12T20:58:58.070+0600 [DEBUG] [org.gradle.process.internal.health.memory.DefaultMemoryManager] 848150118 memory requested, 0 released, 791252992 free
2021-12-12T20:59:02.588+0600 [DEBUG] [org.gradle.cache.internal.DefaultFileLockManager] Waiting to acquire shared lock on daemon addresses registry.
2021-12-12T20:59:02.589+0600 [DEBUG] [org.gradle.cache.internal.DefaultFileLockManager] Lock acquired on daemon addresses registry.
2021-12-12T20:59:02.590+0600 [DEBUG] [org.gradle.cache.internal.DefaultFileLockManager] Releasing lock on daemon addresses registry.
2021-12-12T20:59:02.592+0600 [DEBUG] [org.gradle.cache.internal.DefaultFileLockManager] Waiting to acquire shared lock on daemon addresses registry.
2021-12-12T20:59:02.592+0600 [DEBUG] [org.gradle.cache.internal.DefaultFileLockManager] Lock acquired on daemon addresses registry.
2021-12-12T20:59:02.593+0600 [DEBUG] [org.gradle.cache.internal.DefaultFileLockManager] Releasing lock on daemon addresses registry.
2021-12-12T20:59:02.597+0600 [DEBUG] [org.gradle.cache.internal.DefaultFileLockManager] Waiting to acquire shared lock on daemon addresses registry.
2021-12-12T20:59:02.598+0600 [DEBUG] [org.gradle.cache.internal.DefaultFileLockManager] Lock acquired on daemon addresses registry.
2021-12-12T20:59:02.598+0600 [DEBUG] [org.gradle.cache.internal.DefaultFileLockManager] Releasing lock on daemon addresses registry.
2021-12-12T20:59:02.712+0600 [DEBUG] [org.gradle.process.internal.health.memory.DefaultMemoryManager] 848150118 memory requested, 786137088 free
2021-12-12T20:59:02.712+0600 [DEBUG] [org.gradle.workers.internal.WorkerDaemonExpiration] Will attempt to release 808 of memory
2021-12-12T20:59:02.712+0600 [DEBUG] [org.gradle.process.internal.health.memory.DefaultMemoryManager] 848150118 memory requested, 0 released, 786137088 free
2021-12-12T20:59:07.614+0600 [DEBUG] [org.gradle.process.internal.health.memory.DefaultMemoryManager] 848150118 memory requested, 783687680 free
2021-12-12T20:59:07.614+0600 [DEBUG] [org.gradle.workers.internal.WorkerDaemonExpiration] Will attempt to release 808 of memory
2021-12-12T20:59:07.614+0600 [DEBUG] [org.gradle.process.internal.health.memory.DefaultMemoryManager] 848150118 memory requested, 0 released, 783687680 free
2021-12-12T20:59:12.502+0600 [DEBUG] [org.gradle.cache.internal.DefaultFileLockManager] Waiting to acquire shared lock on daemon addresses registry.
2021-12-12T20:59:12.502+0600 [DEBUG] [org.gradle.cache.internal.DefaultFileLockManager] Lock acquired on daemon addresses registry.
2021-12-12T20:59:12.503+0600 [DEBUG] [org.gradle.cache.internal.DefaultFileLockManager] Releasing lock on daemon addresses registry.
2021-12-12T20:59:12.504+0600 [DEBUG] [org.gradle.cache.internal.DefaultFileLockManager] Waiting to acquire shared lock on daemon addresses registry.
2021-12-12T20:59:12.504+0600 [DEBUG] [org.gradle.cache.internal.DefaultFileLockManager] Lock acquired on daemon addresses registry.
2021-12-12T20:59:12.505+0600 [DEBUG] [org.gradle.cache.internal.DefaultFileLockManager] Releasing lock on daemon addresses registry.
2021-12-12T20:59:12.505+0600 [DEBUG] [org.gradle.cache.internal.DefaultFileLockManager] Waiting to acquire shared lock on daemon addresses registry.
2021-12-12T20:59:12.505+0600 [DEBUG] [org.gradle.cache.internal.DefaultFileLockManager] Lock acquired on daemon addresses registry.
2021-12-12T20:59:12.506+0600 [DEBUG] [org.gradle.cache.internal.DefaultFileLockManager] Releasing lock on daemon addresses registry.
2021-12-12T20:59:12.596+0600 [DEBUG] [org.gradle.process.internal.health.memory.DefaultMemoryManager] 848150118 memory requested, 781983744 free
2021-12-12T20:59:12.596+0600 [DEBUG] [org.gradle.workers.internal.WorkerDaemonExpiration] Will attempt to release 808 of memory
2021-12-12T20:59:12.596+0600 [DEBUG] [org.gradle.process.internal.health.memory.DefaultMemoryManager] 848150118 memory requested, 0 released, 781983744 free
2021-12-12T20:59:17.594+0600 [DEBUG] [org.gradle.process.internal.health.memory.DefaultMemoryManager] 848150118 memory requested, 786247680 free
2021-12-12T20:59:17.594+0600 [DEBUG] [org.gradle.workers.internal.WorkerDaemonExpiration] Will attempt to release 808 of memory
2021-12-12T20:59:17.594+0600 [DEBUG] [org.gradle.process.internal.health.memory.DefaultMemoryManager] 848150118 memory requested, 0 released, 786247680 free
2021-12-12T20:59:22.502+0600 [DEBUG] [org.gradle.cache.internal.DefaultFileLockManager] Waiting to acquire shared lock on daemon addresses registry.
2021-12-12T20:59:22.502+0600 [DEBUG] [org.gradle.cache.internal.DefaultFileLockManager] Lock acquired on daemon addresses registry.
2021-12-12T20:59:22.503+0600 [DEBUG] [org.gradle.cache.internal.DefaultFileLockManager] Releasing lock on daemon addresses registry.
2021-12-12T20:59:22.503+0600 [DEBUG] [org.gradle.cache.internal.DefaultFileLockManager] Waiting to acquire shared lock on daemon addresses registry.
2021-12-12T20:59:22.504+0600 [DEBUG] [org.gradle.cache.internal.DefaultFileLockManager] Lock acquired on daemon addresses registry.
2021-12-12T20:59:22.504+0600 [DEBUG] [org.gradle.cache.internal.DefaultFileLockManager] Releasing lock on daemon addresses registry.
2021-12-12T20:59:22.505+0600 [DEBUG] [org.gradle.cache.internal.DefaultFileLockManager] Waiting to acquire shared lock on daemon addresses registry.
2021-12-12T20:59:22.505+0600 [DEBUG] [org.gradle.cache.internal.DefaultFileLockManager] Lock acquired on daemon addresses registry.
2021-12-12T20:59:22.506+0600 [DEBUG] [org.gradle.cache.internal.DefaultFileLockManager] Releasing lock on daemon addresses registry.
2021-12-12T20:59:22.596+0600 [DEBUG] [org.gradle.process.internal.health.memory.DefaultMemoryManager] 848150118 memory requested, 801378304 free
2021-12-12T20:59:22.596+0600 [DEBUG] [org.gradle.workers.internal.WorkerDaemonExpiration] Will attempt to release 808 of memory
2021-12-12T20:59:22.596+0600 [DEBUG] [org.gradle.process.internal.health.memory.DefaultMemoryManager] 848150118 memory requested, 0 released, 801378304 free
2021-12-12T20:59:32.516+0600 [DEBUG] [org.gradle.cache.internal.DefaultFileLockManager] Waiting to acquire shared lock on daemon addresses registry.
2021-12-12T20:59:32.517+0600 [DEBUG] [org.gradle.cache.internal.DefaultFileLockManager] Lock acquired on daemon addresses registry.
2021-12-12T20:59:32.519+0600 [DEBUG] [org.gradle.cache.internal.DefaultFileLockManager] Releasing lock on daemon addresses registry.
2021-12-12T20:59:32.519+0600 [DEBUG] [org.gradle.cache.internal.DefaultFileLockManager] Waiting to acquire shared lock on daemon addresses registry.
2021-12-12T20:59:32.519+0600 [DEBUG] [org.gradle.cache.internal.DefaultFileLockManager] Lock acquired on daemon addresses registry.
2021-12-12T20:59:32.520+0600 [DEBUG] [org.gradle.cache.internal.DefaultFileLockManager] Releasing lock on daemon addresses registry.
2021-12-12T20:59:32.520+0600 [DEBUG] [org.gradle.cache.internal.DefaultFileLockManager] Waiting to acquire shared lock on daemon addresses registry.
2021-12-12T20:59:32.520+0600 [DEBUG] [org.gradle.cache.internal.DefaultFileLockManager] Lock acquired on daemon addresses registry.
2021-12-12T20:59:32.521+0600 [DEBUG] [org.gradle.cache.internal.DefaultFileLockManager] Releasing lock on daemon addresses registry.
2021-12-12T20:59:42.512+0600 [DEBUG] [org.gradle.cache.internal.DefaultFileLockManager] Waiting to acquire shared lock on daemon addresses registry.
2021-12-12T20:59:42.512+0600 [DEBUG] [org.gradle.cache.internal.DefaultFileLockManager] Lock acquired on daemon addresses registry.
2021-12-12T20:59:42.512+0600 [DEBUG] [org.gradle.cache.internal.DefaultFileLockManager] Releasing lock on daemon addresses registry.
2021-12-12T20:59:42.513+0600 [DEBUG] [org.gradle.cache.internal.DefaultFileLockManager] Waiting to acquire shared lock on daemon addresses registry.
2021-12-12T20:59:42.513+0600 [DEBUG] [org.gradle.cache.internal.DefaultFileLockManager] Lock acquired on daemon addresses registry.
2021-12-12T20:59:42.514+0600 [DEBUG] [org.gradle.cache.internal.DefaultFileLockManager] Releasing lock on daemon addresses registry.
2021-12-12T20:59:42.515+0600 [DEBUG] [org.gradle.cache.internal.DefaultFileLockManager] Waiting to acquire shared lock on daemon addresses registry.
2021-12-12T20:59:42.515+0600 [DEBUG] [org.gradle.cache.internal.DefaultFileLockManager] Lock acquired on daemon addresses registry.
2021-12-12T20:59:42.515+0600 [DEBUG] [org.gradle.cache.internal.DefaultFileLockManager] Releasing lock on daemon addresses registry.
2021-12-12T20:59:52.516+0600 [DEBUG] [org.gradle.cache.internal.DefaultFileLockManager] Waiting to acquire shared lock on daemon addresses registry.
2021-12-12T20:59:52.516+0600 [DEBUG] [org.gradle.cache.internal.DefaultFileLockManager] Lock acquired on daemon addresses registry.
2021-12-12T20:59:52.517+0600 [DEBUG] [org.gradle.cache.internal.DefaultFileLockManager] Releasing lock on daemon addresses registry.
2021-12-12T20:59:52.517+0600 [DEBUG] [org.gradle.cache.internal.DefaultFileLockManager] Waiting to acquire shared lock on daemon addresses registry.
2021-12-12T20:59:52.517+0600 [DEBUG] [org.gradle.cache.internal.DefaultFileLockManager] Lock acquired on daemon addresses registry.
2021-12-12T20:59:52.518+0600 [DEBUG] [org.gradle.cache.internal.DefaultFileLockManager] Releasing lock on daemon addresses registry.
2021-12-12T20:59:52.519+0600 [DEBUG] [org.gradle.cache.internal.DefaultFileLockManager] Waiting to acquire shared lock on daemon addresses registry.
2021-12-12T20:59:52.519+0600 [DEBUG] [org.gradle.cache.internal.DefaultFileLockManager] Lock acquired on daemon addresses registry.
2021-12-12T20:59:52.520+0600 [DEBUG] [org.gradle.cache.internal.DefaultFileLockManager] Releasing lock on daemon addresses registry.
2021-12-12T21:00:02.515+0600 [DEBUG] [org.gradle.cache.internal.DefaultFileLockManager] Waiting to acquire shared lock on daemon addresses registry.
2021-12-12T21:00:02.515+0600 [DEBUG] [org.gradle.cache.internal.DefaultFileLockManager] Lock acquired on daemon addresses registry.
2021-12-12T21:00:02.516+0600 [DEBUG] [org.gradle.cache.internal.DefaultFileLockManager] Releasing lock on daemon addresses registry.
2021-12-12T21:00:02.516+0600 [DEBUG] [org.gradle.cache.internal.DefaultFileLockManager] Waiting to acquire shared lock on daemon addresses registry.
2021-12-12T21:00:02.516+0600 [DEBUG] [org.gradle.cache.internal.DefaultFileLockManager] Lock acquired on daemon addresses registry.
2021-12-12T21:00:02.517+0600 [DEBUG] [org.gradle.cache.internal.DefaultFileLockManager] Releasing lock on daemon addresses registry.
2021-12-12T21:00:02.518+0600 [DEBUG] [org.gradle.cache.internal.DefaultFileLockManager] Waiting to acquire shared lock on daemon addresses registry.
2021-12-12T21:00:02.518+0600 [DEBUG] [org.gradle.cache.internal.DefaultFileLockManager] Lock acquired on daemon addresses registry.
2021-12-12T21:00:02.519+0600 [DEBUG] [org.gradle.cache.internal.DefaultFileLockManager] Releasing lock on daemon addresses registry.
2021-12-12T21:00:12.534+0600 [DEBUG] [org.gradle.cache.internal.DefaultFileLockManager] Waiting to acquire shared lock on daemon addresses registry.
2021-12-12T21:00:12.535+0600 [DEBUG] [org.gradle.cache.internal.DefaultFileLockManager] Lock acquired on daemon addresses registry.
2021-12-12T21:00:12.535+0600 [DEBUG] [org.gradle.cache.internal.DefaultFileLockManager] Releasing lock on daemon addresses registry.
2021-12-12T21:00:12.536+0600 [DEBUG] [org.gradle.cache.internal.DefaultFileLockManager] Waiting to acquire shared lock on daemon addresses registry.
2021-12-12T21:00:12.537+0600 [DEBUG] [org.gradle.cache.internal.DefaultFileLockManager] Lock acquired on daemon addresses registry.
2021-12-12T21:00:12.537+0600 [DEBUG] [org.gradle.cache.internal.DefaultFileLockManager] Releasing lock on daemon addresses registry.
2021-12-12T21:00:12.538+0600 [DEBUG] [org.gradle.cache.internal.DefaultFileLockManager] Waiting to acquire shared lock on daemon addresses registry.
2021-12-12T21:00:12.538+0600 [DEBUG] [org.gradle.cache.internal.DefaultFileLockManager] Lock acquired on daemon addresses registry.
2021-12-12T21:00:12.539+0600 [DEBUG] [org.gradle.cache.internal.DefaultFileLockManager] Releasing lock on daemon addresses registry.
2021-12-12T21:00:22.523+0600 [DEBUG] [org.gradle.cache.internal.DefaultFileLockManager] Waiting to acquire shared lock on daemon addresses registry.
2021-12-12T21:00:22.523+0600 [DEBUG] [org.gradle.cache.internal.DefaultFileLockManager] Lock acquired on daemon addresses registry.
2021-12-12T21:00:22.524+0600 [DEBUG] [org.gradle.cache.internal.DefaultFileLockManager] Releasing lock on daemon addresses registry.
2021-12-12T21:00:22.524+0600 [DEBUG] [org.gradle.cache.internal.DefaultFileLockManager] Waiting to acquire shared lock on daemon addresses registry.
2021-12-12T21:00:22.524+0600 [DEBUG] [org.gradle.cache.internal.DefaultFileLockManager] Lock acquired on daemon addresses registry.
2021-12-12T21:00:22.525+0600 [DEBUG] [org.gradle.cache.internal.DefaultFileLockManager] Releasing lock on daemon addresses registry.
2021-12-12T21:00:22.525+0600 [DEBUG] [org.gradle.cache.internal.DefaultFileLockManager] Waiting to acquire shared lock on daemon addresses registry.
2021-12-12T21:00:22.526+0600 [DEBUG] [org.gradle.cache.internal.DefaultFileLockManager] Lock acquired on daemon addresses registry.
2021-12-12T21:00:22.526+0600 [DEBUG] [org.gradle.cache.internal.DefaultFileLockManager] Releasing lock on daemon addresses registry.
2021-12-12T21:00:32.515+0600 [DEBUG] [org.gradle.cache.internal.DefaultFileLockManager] Waiting to acquire shared lock on daemon addresses registry.
2021-12-12T21:00:32.516+0600 [DEBUG] [org.gradle.cache.internal.DefaultFileLockManager] Lock acquired on daemon addresses registry.
2021-12-12T21:00:32.517+0600 [DEBUG] [org.gradle.cache.internal.DefaultFileLockManager] Releasing lock on daemon addresses registry.
2021-12-12T21:00:32.517+0600 [DEBUG] [org.gradle.cache.internal.DefaultFileLockManager] Waiting to acquire shared lock on daemon addresses registry.
2021-12-12T21:00:32.518+0600 [DEBUG] [org.gradle.cache.internal.DefaultFileLockManager] Lock acquired on daemon addresses registry.
2021-12-12T21:00:32.518+0600 [DEBUG] [org.gradle.cache.internal.DefaultFileLockManager] Releasing lock on daemon addresses registry.
2021-12-12T21:00:32.519+0600 [DEBUG] [org.gradle.cache.internal.DefaultFileLockManager] Waiting to acquire shared lock on daemon addresses registry.
2021-12-12T21:00:32.519+0600 [DEBUG] [org.gradle.cache.internal.DefaultFileLockManager] Lock acquired on daemon addresses registry.
2021-12-12T21:00:32.521+0600 [DEBUG] [org.gradle.cache.internal.DefaultFileLockManager] Releasing lock on daemon addresses registry.
